{"C:\\Users\\ge010\\OneDrive\\Documents\\GitHub\\group-project-team-15\\backend\\DbConnection.js": {"path":"C:\\Users\\ge010\\OneDrive\\Documents\\GitHub\\group-project-team-15\\backend\\DbConnection.js","statementMap":{"0":{"start":{"line":2,"column":24},"end":{"line":2,"column":42}},"1":{"start":{"line":4,"column":0},"end":{"line":4,"column":27}},"2":{"start":{"line":6,"column":15},"end":{"line":6,"column":34}},"3":{"start":{"line":7,"column":19},"end":{"line":7,"column":42}},"4":{"start":{"line":10,"column":14},"end":{"line":10,"column":140}},"5":{"start":{"line":19,"column":16},"end":{"line":32,"column":1}},"6":{"start":{"line":21,"column":2},"end":{"line":31,"column":3}},"7":{"start":{"line":22,"column":4},"end":{"line":25,"column":7}},"8":{"start":{"line":27,"column":4},"end":{"line":27,"column":73}},"9":{"start":{"line":28,"column":4},"end":{"line":28,"column":27}},"10":{"start":{"line":30,"column":4},"end":{"line":30,"column":36}},"11":{"start":{"line":38,"column":14},"end":{"line":44,"column":1}},"12":{"start":{"line":40,"column":2},"end":{"line":42,"column":3}},"13":{"start":{"line":41,"column":4},"end":{"line":41,"column":20}},"14":{"start":{"line":43,"column":2},"end":{"line":43,"column":30}},"15":{"start":{"line":50,"column":31},"end":{"line":52,"column":1}},"16":{"start":{"line":51,"column":2},"end":{"line":51,"column":32}},"17":{"start":{"line":54,"column":0},"end":{"line":58,"column":2}}},"fnMap":{"0":{"name":"(anonymous_0)","decl":{"start":{"line":19,"column":16},"end":{"line":19,"column":17}},"loc":{"start":{"line":19,"column":28},"end":{"line":32,"column":1}},"line":19},"1":{"name":"(anonymous_1)","decl":{"start":{"line":38,"column":14},"end":{"line":38,"column":15}},"loc":{"start":{"line":38,"column":26},"end":{"line":44,"column":1}},"line":38},"2":{"name":"(anonymous_2)","decl":{"start":{"line":50,"column":31},"end":{"line":50,"column":32}},"loc":{"start":{"line":50,"column":43},"end":{"line":52,"column":1}},"line":50}},"branchMap":{"0":{"loc":{"start":{"line":40,"column":2},"end":{"line":42,"column":3}},"type":"if","locations":[{"start":{"line":40,"column":2},"end":{"line":42,"column":3}},{"start":{},"end":{}}],"line":40}},"s":{"0":1,"1":1,"2":1,"3":1,"4":1,"5":1,"6":1,"7":1,"8":1,"9":1,"10":0,"11":1,"12":20,"13":1,"14":20,"15":1,"16":1,"17":1},"f":{"0":1,"1":20,"2":1},"b":{"0":[1,19]},"_coverageSchema":"1a1c01bbd47fc00a2c39e90264f33305004495a9","hash":"02415918c5ecd4b04ba2e725a41ab18639e81e8d"}
,"C:\\Users\\ge010\\OneDrive\\Documents\\GitHub\\group-project-team-15\\backend\\DbOperations.js": {"path":"C:\\Users\\ge010\\OneDrive\\Documents\\GitHub\\group-project-team-15\\backend\\DbOperations.js","statementMap":{"0":{"start":{"line":9,"column":18},"end":{"line":9,"column":52}},"1":{"start":{"line":12,"column":21},"end":{"line":12,"column":39}},"2":{"start":{"line":19,"column":17},"end":{"line":30,"column":1}},"3":{"start":{"line":20,"column":2},"end":{"line":29,"column":3}},"4":{"start":{"line":22,"column":15},"end":{"line":22,"column":28}},"5":{"start":{"line":23,"column":19},"end":{"line":23,"column":66}},"6":{"start":{"line":26,"column":4},"end":{"line":26,"column":18}},"7":{"start":{"line":28,"column":4},"end":{"line":28,"column":48}},"8":{"start":{"line":38,"column":16},"end":{"line":60,"column":1}},"9":{"start":{"line":40,"column":13},"end":{"line":40,"column":26}},"10":{"start":{"line":41,"column":2},"end":{"line":41,"column":36}},"11":{"start":{"line":42,"column":17},"end":{"line":42,"column":64}},"12":{"start":{"line":43,"column":2},"end":{"line":43,"column":27}},"13":{"start":{"line":68,"column":16},"end":{"line":81,"column":1}},"14":{"start":{"line":69,"column":2},"end":{"line":80,"column":3}},"15":{"start":{"line":71,"column":15},"end":{"line":71,"column":28}},"16":{"start":{"line":72,"column":19},"end":{"line":74,"column":45}},"17":{"start":{"line":77,"column":4},"end":{"line":77,"column":18}},"18":{"start":{"line":79,"column":4},"end":{"line":79,"column":48}},"19":{"start":{"line":88,"column":23},"end":{"line":99,"column":1}},"20":{"start":{"line":89,"column":2},"end":{"line":98,"column":3}},"21":{"start":{"line":91,"column":15},"end":{"line":91,"column":28}},"22":{"start":{"line":92,"column":19},"end":{"line":92,"column":73}},"23":{"start":{"line":95,"column":4},"end":{"line":95,"column":18}},"24":{"start":{"line":97,"column":4},"end":{"line":97,"column":48}},"25":{"start":{"line":110,"column":19},"end":{"line":128,"column":1}},"26":{"start":{"line":112,"column":20},"end":{"line":112,"column":22}},"27":{"start":{"line":113,"column":2},"end":{"line":116,"column":5}},"28":{"start":{"line":115,"column":4},"end":{"line":115,"column":33}},"29":{"start":{"line":118,"column":2},"end":{"line":127,"column":3}},"30":{"start":{"line":120,"column":15},"end":{"line":120,"column":28}},"31":{"start":{"line":121,"column":19},"end":{"line":123,"column":68}},"32":{"start":{"line":124,"column":4},"end":{"line":124,"column":18}},"33":{"start":{"line":126,"column":4},"end":{"line":126,"column":48}},"34":{"start":{"line":137,"column":26},"end":{"line":152,"column":1}},"35":{"start":{"line":138,"column":20},"end":{"line":138,"column":22}},"36":{"start":{"line":139,"column":2},"end":{"line":141,"column":5}},"37":{"start":{"line":140,"column":4},"end":{"line":140,"column":33}},"38":{"start":{"line":142,"column":2},"end":{"line":151,"column":3}},"39":{"start":{"line":144,"column":15},"end":{"line":144,"column":28}},"40":{"start":{"line":145,"column":19},"end":{"line":147,"column":55}},"41":{"start":{"line":148,"column":4},"end":{"line":148,"column":18}},"42":{"start":{"line":150,"column":4},"end":{"line":150,"column":48}},"43":{"start":{"line":154,"column":20},"end":{"line":180,"column":1}},"44":{"start":{"line":156,"column":21},"end":{"line":163,"column":3}},"45":{"start":{"line":157,"column":4},"end":{"line":161,"column":5}},"46":{"start":{"line":158,"column":6},"end":{"line":160,"column":7}},"47":{"start":{"line":159,"column":8},"end":{"line":159,"column":40}},"48":{"start":{"line":162,"column":4},"end":{"line":162,"column":43}},"49":{"start":{"line":164,"column":2},"end":{"line":179,"column":3}},"50":{"start":{"line":166,"column":15},"end":{"line":166,"column":28}},"51":{"start":{"line":167,"column":18},"end":{"line":167,"column":46}},"52":{"start":{"line":170,"column":19},"end":{"line":170,"column":21}},"53":{"start":{"line":171,"column":23},"end":{"line":171,"column":51}},"54":{"start":{"line":172,"column":4},"end":{"line":175,"column":7}},"55":{"start":{"line":173,"column":33},"end":{"line":173,"column":49}},"56":{"start":{"line":174,"column":6},"end":{"line":174,"column":48}},"57":{"start":{"line":174,"column":21},"end":{"line":174,"column":48}},"58":{"start":{"line":176,"column":4},"end":{"line":176,"column":18}},"59":{"start":{"line":178,"column":4},"end":{"line":178,"column":48}},"60":{"start":{"line":205,"column":0},"end":{"line":214,"column":2}}},"fnMap":{"0":{"name":"(anonymous_0)","decl":{"start":{"line":19,"column":17},"end":{"line":19,"column":18}},"loc":{"start":{"line":19,"column":29},"end":{"line":30,"column":1}},"line":19},"1":{"name":"(anonymous_1)","decl":{"start":{"line":38,"column":16},"end":{"line":38,"column":17}},"loc":{"start":{"line":38,"column":35},"end":{"line":60,"column":1}},"line":38},"2":{"name":"(anonymous_2)","decl":{"start":{"line":68,"column":16},"end":{"line":68,"column":17}},"loc":{"start":{"line":68,"column":34},"end":{"line":81,"column":1}},"line":68},"3":{"name":"(anonymous_3)","decl":{"start":{"line":88,"column":23},"end":{"line":88,"column":24}},"loc":{"start":{"line":88,"column":40},"end":{"line":99,"column":1}},"line":88},"4":{"name":"(anonymous_4)","decl":{"start":{"line":110,"column":19},"end":{"line":110,"column":20}},"loc":{"start":{"line":110,"column":46},"end":{"line":128,"column":1}},"line":110},"5":{"name":"(anonymous_5)","decl":{"start":{"line":113,"column":18},"end":{"line":113,"column":19}},"loc":{"start":{"line":113,"column":26},"end":{"line":116,"column":3}},"line":113},"6":{"name":"(anonymous_6)","decl":{"start":{"line":137,"column":26},"end":{"line":137,"column":27}},"loc":{"start":{"line":137,"column":52},"end":{"line":152,"column":1}},"line":137},"7":{"name":"(anonymous_7)","decl":{"start":{"line":139,"column":18},"end":{"line":139,"column":19}},"loc":{"start":{"line":139,"column":26},"end":{"line":141,"column":3}},"line":139},"8":{"name":"(anonymous_8)","decl":{"start":{"line":154,"column":20},"end":{"line":154,"column":21}},"loc":{"start":{"line":154,"column":38},"end":{"line":180,"column":1}},"line":154},"9":{"name":"(anonymous_9)","decl":{"start":{"line":156,"column":21},"end":{"line":156,"column":22}},"loc":{"start":{"line":156,"column":31},"end":{"line":163,"column":3}},"line":156},"10":{"name":"(anonymous_10)","decl":{"start":{"line":172,"column":23},"end":{"line":172,"column":24}},"loc":{"start":{"line":172,"column":33},"end":{"line":175,"column":5}},"line":172}},"branchMap":{"0":{"loc":{"start":{"line":158,"column":6},"end":{"line":160,"column":7}},"type":"if","locations":[{"start":{"line":158,"column":6},"end":{"line":160,"column":7}},{"start":{},"end":{}}],"line":158},"1":{"loc":{"start":{"line":174,"column":6},"end":{"line":174,"column":48}},"type":"if","locations":[{"start":{"line":174,"column":6},"end":{"line":174,"column":48}},{"start":{},"end":{}}],"line":174}},"s":{"0":1,"1":1,"2":1,"3":1,"4":1,"5":1,"6":1,"7":0,"8":1,"9":1,"10":1,"11":1,"12":1,"13":1,"14":0,"15":0,"16":0,"17":0,"18":0,"19":1,"20":12,"21":12,"22":12,"23":12,"24":0,"25":1,"26":0,"27":0,"28":0,"29":0,"30":0,"31":0,"32":0,"33":0,"34":1,"35":3,"36":3,"37":3,"38":3,"39":3,"40":3,"41":3,"42":0,"43":1,"44":2,"45":36,"46":29,"47":12,"48":24,"49":2,"50":2,"51":2,"52":2,"53":2,"54":2,"55":36,"56":36,"57":12,"58":2,"59":0,"60":1},"f":{"0":1,"1":1,"2":0,"3":12,"4":0,"5":0,"6":3,"7":3,"8":2,"9":36,"10":36},"b":{"0":[12,17],"1":[12,24]},"_coverageSchema":"1a1c01bbd47fc00a2c39e90264f33305004495a9","hash":"fff23a0cc1901570a35c31f93df5bbec49006fb2"}
,"C:\\Users\\ge010\\OneDrive\\Documents\\GitHub\\group-project-team-15\\backend\\server.js": {"path":"C:\\Users\\ge010\\OneDrive\\Documents\\GitHub\\group-project-team-15\\backend\\server.js","statementMap":{"0":{"start":{"line":6,"column":16},"end":{"line":6,"column":34}},"1":{"start":{"line":7,"column":15},"end":{"line":7,"column":32}},"2":{"start":{"line":8,"column":13},"end":{"line":8,"column":28}},"3":{"start":{"line":11,"column":13},"end":{"line":11,"column":28}},"4":{"start":{"line":14,"column":15},"end":{"line":14,"column":24}},"5":{"start":{"line":17,"column":41},"end":{"line":17,"column":64}},"6":{"start":{"line":19,"column":0},"end":{"line":19,"column":19}},"7":{"start":{"line":22,"column":0},"end":{"line":22,"column":27}},"8":{"start":{"line":25,"column":0},"end":{"line":25,"column":51}},"9":{"start":{"line":28,"column":14},"end":{"line":28,"column":39}},"10":{"start":{"line":31,"column":0},"end":{"line":33,"column":3}},"11":{"start":{"line":32,"column":2},"end":{"line":32,"column":74}},"12":{"start":{"line":36,"column":0},"end":{"line":36,"column":68}},"13":{"start":{"line":44,"column":0},"end":{"line":85,"column":3}},"14":{"start":{"line":46,"column":2},"end":{"line":56,"column":3}},"15":{"start":{"line":49,"column":6},"end":{"line":53,"column":20}},"16":{"start":{"line":54,"column":4},"end":{"line":54,"column":61}},"17":{"start":{"line":55,"column":4},"end":{"line":55,"column":11}},"18":{"start":{"line":59,"column":15},"end":{"line":59,"column":57}},"19":{"start":{"line":61,"column":2},"end":{"line":64,"column":3}},"20":{"start":{"line":62,"column":4},"end":{"line":62,"column":79}},"21":{"start":{"line":63,"column":4},"end":{"line":63,"column":11}},"22":{"start":{"line":66,"column":2},"end":{"line":76,"column":3}},"23":{"start":{"line":67,"column":18},"end":{"line":67,"column":72}},"24":{"start":{"line":68,"column":4},"end":{"line":73,"column":5}},"25":{"start":{"line":69,"column":6},"end":{"line":71,"column":71}},"26":{"start":{"line":72,"column":6},"end":{"line":72,"column":13}},"27":{"start":{"line":75,"column":4},"end":{"line":75,"column":46}},"28":{"start":{"line":79,"column":2},"end":{"line":84,"column":3}},"29":{"start":{"line":80,"column":18},"end":{"line":80,"column":50}},"30":{"start":{"line":81,"column":4},"end":{"line":81,"column":46}},"31":{"start":{"line":83,"column":4},"end":{"line":83,"column":61}},"32":{"start":{"line":91,"column":0},"end":{"line":126,"column":3}},"33":{"start":{"line":92,"column":2},"end":{"line":101,"column":3}},"34":{"start":{"line":94,"column":6},"end":{"line":98,"column":20}},"35":{"start":{"line":99,"column":4},"end":{"line":99,"column":62}},"36":{"start":{"line":100,"column":4},"end":{"line":100,"column":11}},"37":{"start":{"line":103,"column":18},"end":{"line":103,"column":60}},"38":{"start":{"line":104,"column":2},"end":{"line":107,"column":3}},"39":{"start":{"line":105,"column":4},"end":{"line":105,"column":61}},"40":{"start":{"line":106,"column":4},"end":{"line":106,"column":11}},"41":{"start":{"line":109,"column":25},"end":{"line":109,"column":65}},"42":{"start":{"line":112,"column":2},"end":{"line":125,"column":3}},"43":{"start":{"line":113,"column":20},"end":{"line":118,"column":5}},"44":{"start":{"line":119,"column":4},"end":{"line":119,"column":25}},"45":{"start":{"line":120,"column":19},"end":{"line":120,"column":47}},"46":{"start":{"line":121,"column":4},"end":{"line":121,"column":24}},"47":{"start":{"line":122,"column":4},"end":{"line":122,"column":52}},"48":{"start":{"line":124,"column":4},"end":{"line":124,"column":59}},"49":{"start":{"line":131,"column":0},"end":{"line":151,"column":3}},"50":{"start":{"line":133,"column":2},"end":{"line":136,"column":3}},"51":{"start":{"line":134,"column":4},"end":{"line":134,"column":53}},"52":{"start":{"line":135,"column":4},"end":{"line":135,"column":11}},"53":{"start":{"line":139,"column":2},"end":{"line":150,"column":3}},"54":{"start":{"line":140,"column":4},"end":{"line":140,"column":45}},"55":{"start":{"line":141,"column":17},"end":{"line":141,"column":49}},"56":{"start":{"line":142,"column":4},"end":{"line":145,"column":5}},"57":{"start":{"line":143,"column":6},"end":{"line":143,"column":58}},"58":{"start":{"line":144,"column":6},"end":{"line":144,"column":13}},"59":{"start":{"line":146,"column":4},"end":{"line":146,"column":30}},"60":{"start":{"line":147,"column":4},"end":{"line":147,"column":41}},"61":{"start":{"line":149,"column":4},"end":{"line":149,"column":61}},"62":{"start":{"line":156,"column":0},"end":{"line":166,"column":3}},"63":{"start":{"line":157,"column":2},"end":{"line":165,"column":3}},"64":{"start":{"line":159,"column":18},"end":{"line":159,"column":40}},"65":{"start":{"line":161,"column":4},"end":{"line":161,"column":43}},"66":{"start":{"line":164,"column":4},"end":{"line":164,"column":61}},"67":{"start":{"line":171,"column":0},"end":{"line":185,"column":3}},"68":{"start":{"line":172,"column":2},"end":{"line":172,"column":56}},"69":{"start":{"line":173,"column":2},"end":{"line":184,"column":3}},"70":{"start":{"line":175,"column":20},"end":{"line":175,"column":64}},"71":{"start":{"line":176,"column":4},"end":{"line":179,"column":5}},"72":{"start":{"line":177,"column":6},"end":{"line":177,"column":54}},"73":{"start":{"line":178,"column":6},"end":{"line":178,"column":13}},"74":{"start":{"line":181,"column":4},"end":{"line":181,"column":44}},"75":{"start":{"line":183,"column":4},"end":{"line":183,"column":57}},"76":{"start":{"line":187,"column":0},"end":{"line":243,"column":3}},"77":{"start":{"line":188,"column":2},"end":{"line":242,"column":3}},"78":{"start":{"line":190,"column":18},"end":{"line":190,"column":32}},"79":{"start":{"line":191,"column":21},"end":{"line":191,"column":38}},"80":{"start":{"line":192,"column":22},"end":{"line":192,"column":40}},"81":{"start":{"line":193,"column":17},"end":{"line":193,"column":30}},"82":{"start":{"line":194,"column":4},"end":{"line":194,"column":76}},"83":{"start":{"line":196,"column":24},"end":{"line":208,"column":5}},"84":{"start":{"line":198,"column":6},"end":{"line":198,"column":43}},"85":{"start":{"line":198,"column":31},"end":{"line":198,"column":43}},"86":{"start":{"line":200,"column":31},"end":{"line":200,"column":104}},"87":{"start":{"line":200,"column":49},"end":{"line":200,"column":104}},"88":{"start":{"line":201,"column":31},"end":{"line":204,"column":7}},"89":{"start":{"line":202,"column":25},"end":{"line":202,"column":77}},"90":{"start":{"line":203,"column":8},"end":{"line":203,"column":49}},"91":{"start":{"line":206,"column":6},"end":{"line":206,"column":75}},"92":{"start":{"line":206,"column":37},"end":{"line":206,"column":75}},"93":{"start":{"line":207,"column":6},"end":{"line":207,"column":44}},"94":{"start":{"line":210,"column":24},"end":{"line":220,"column":5}},"95":{"start":{"line":212,"column":6},"end":{"line":212,"column":73}},"96":{"start":{"line":212,"column":61},"end":{"line":212,"column":73}},"97":{"start":{"line":214,"column":6},"end":{"line":214,"column":50}},"98":{"start":{"line":214,"column":37},"end":{"line":214,"column":50}},"99":{"start":{"line":215,"column":6},"end":{"line":215,"column":50}},"100":{"start":{"line":215,"column":37},"end":{"line":215,"column":50}},"101":{"start":{"line":217,"column":6},"end":{"line":217,"column":59}},"102":{"start":{"line":217,"column":46},"end":{"line":217,"column":59}},"103":{"start":{"line":218,"column":6},"end":{"line":218,"column":61}},"104":{"start":{"line":218,"column":48},"end":{"line":218,"column":61}},"105":{"start":{"line":219,"column":6},"end":{"line":219,"column":18}},"106":{"start":{"line":222,"column":22},"end":{"line":234,"column":5}},"107":{"start":{"line":224,"column":6},"end":{"line":224,"column":42}},"108":{"start":{"line":224,"column":30},"end":{"line":224,"column":42}},"109":{"start":{"line":225,"column":6},"end":{"line":225,"column":40}},"110":{"start":{"line":227,"column":6},"end":{"line":227,"column":50}},"111":{"start":{"line":227,"column":37},"end":{"line":227,"column":50}},"112":{"start":{"line":229,"column":24},"end":{"line":229,"column":66}},"113":{"start":{"line":229,"column":48},"end":{"line":229,"column":65}},"114":{"start":{"line":231,"column":6},"end":{"line":232,"column":63}},"115":{"start":{"line":232,"column":8},"end":{"line":232,"column":63}},"116":{"start":{"line":232,"column":51},"end":{"line":232,"column":63}},"117":{"start":{"line":233,"column":6},"end":{"line":233,"column":19}},"118":{"start":{"line":236,"column":19},"end":{"line":236,"column":90}},"119":{"start":{"line":236,"column":30},"end":{"line":236,"column":90}},"120":{"start":{"line":238,"column":20},"end":{"line":238,"column":51}},"121":{"start":{"line":239,"column":4},"end":{"line":239,"column":44}},"122":{"start":{"line":241,"column":4},"end":{"line":241,"column":66}},"123":{"start":{"line":265,"column":0},"end":{"line":283,"column":3}},"124":{"start":{"line":266,"column":2},"end":{"line":266,"column":39}},"125":{"start":{"line":267,"column":2},"end":{"line":267,"column":24}},"126":{"start":{"line":269,"column":2},"end":{"line":272,"column":3}},"127":{"start":{"line":270,"column":4},"end":{"line":270,"column":54}},"128":{"start":{"line":271,"column":4},"end":{"line":271,"column":11}},"129":{"start":{"line":273,"column":2},"end":{"line":282,"column":3}},"130":{"start":{"line":274,"column":19},"end":{"line":277,"column":5}},"131":{"start":{"line":279,"column":4},"end":{"line":279,"column":46}},"132":{"start":{"line":281,"column":4},"end":{"line":281,"column":55}},"133":{"start":{"line":286,"column":0},"end":{"line":286,"column":24}}},"fnMap":{"0":{"name":"(anonymous_0)","decl":{"start":{"line":31,"column":16},"end":{"line":31,"column":17}},"loc":{"start":{"line":31,"column":31},"end":{"line":33,"column":1}},"line":31},"1":{"name":"(anonymous_1)","decl":{"start":{"line":44,"column":22},"end":{"line":44,"column":23}},"loc":{"start":{"line":44,"column":42},"end":{"line":85,"column":1}},"line":44},"2":{"name":"(anonymous_2)","decl":{"start":{"line":91,"column":25},"end":{"line":91,"column":26}},"loc":{"start":{"line":91,"column":46},"end":{"line":126,"column":1}},"line":91},"3":{"name":"(anonymous_3)","decl":{"start":{"line":131,"column":23},"end":{"line":131,"column":24}},"loc":{"start":{"line":131,"column":43},"end":{"line":151,"column":1}},"line":131},"4":{"name":"(anonymous_4)","decl":{"start":{"line":156,"column":21},"end":{"line":156,"column":22}},"loc":{"start":{"line":156,"column":42},"end":{"line":166,"column":1}},"line":156},"5":{"name":"(anonymous_5)","decl":{"start":{"line":171,"column":28},"end":{"line":171,"column":29}},"loc":{"start":{"line":171,"column":48},"end":{"line":185,"column":1}},"line":171},"6":{"name":"(anonymous_6)","decl":{"start":{"line":187,"column":24},"end":{"line":187,"column":25}},"loc":{"start":{"line":187,"column":44},"end":{"line":243,"column":1}},"line":187},"7":{"name":"(anonymous_7)","decl":{"start":{"line":196,"column":24},"end":{"line":196,"column":25}},"loc":{"start":{"line":196,"column":35},"end":{"line":208,"column":5}},"line":196},"8":{"name":"(anonymous_8)","decl":{"start":{"line":200,"column":31},"end":{"line":200,"column":32}},"loc":{"start":{"line":200,"column":49},"end":{"line":200,"column":104}},"line":200},"9":{"name":"(anonymous_9)","decl":{"start":{"line":201,"column":31},"end":{"line":201,"column":32}},"loc":{"start":{"line":201,"column":49},"end":{"line":204,"column":7}},"line":201},"10":{"name":"(anonymous_10)","decl":{"start":{"line":210,"column":24},"end":{"line":210,"column":25}},"loc":{"start":{"line":210,"column":35},"end":{"line":220,"column":5}},"line":210},"11":{"name":"(anonymous_11)","decl":{"start":{"line":222,"column":22},"end":{"line":222,"column":23}},"loc":{"start":{"line":222,"column":33},"end":{"line":234,"column":5}},"line":222},"12":{"name":"(anonymous_12)","decl":{"start":{"line":229,"column":39},"end":{"line":229,"column":40}},"loc":{"start":{"line":229,"column":48},"end":{"line":229,"column":65}},"line":229},"13":{"name":"(anonymous_13)","decl":{"start":{"line":236,"column":19},"end":{"line":236,"column":20}},"loc":{"start":{"line":236,"column":30},"end":{"line":236,"column":90}},"line":236},"14":{"name":"(anonymous_14)","decl":{"start":{"line":265,"column":28},"end":{"line":265,"column":29}},"loc":{"start":{"line":265,"column":48},"end":{"line":283,"column":1}},"line":265}},"branchMap":{"0":{"loc":{"start":{"line":46,"column":2},"end":{"line":56,"column":3}},"type":"if","locations":[{"start":{"line":46,"column":2},"end":{"line":56,"column":3}},{"start":{},"end":{}}],"line":46},"1":{"loc":{"start":{"line":46,"column":6},"end":{"line":46,"column":43}},"type":"binary-expr","locations":[{"start":{"line":46,"column":6},"end":{"line":46,"column":21}},{"start":{"line":46,"column":25},"end":{"line":46,"column":43}}],"line":46},"2":{"loc":{"start":{"line":49,"column":6},"end":{"line":53,"column":20}},"type":"cond-expr","locations":[{"start":{"line":50,"column":10},"end":{"line":50,"column":30}},{"start":{"line":51,"column":10},"end":{"line":53,"column":20}}],"line":49},"3":{"loc":{"start":{"line":49,"column":6},"end":{"line":49,"column":43}},"type":"binary-expr","locations":[{"start":{"line":49,"column":6},"end":{"line":49,"column":21}},{"start":{"line":49,"column":25},"end":{"line":49,"column":43}}],"line":49},"4":{"loc":{"start":{"line":51,"column":10},"end":{"line":53,"column":20}},"type":"cond-expr","locations":[{"start":{"line":52,"column":10},"end":{"line":52,"column":17}},{"start":{"line":53,"column":10},"end":{"line":53,"column":20}}],"line":51},"5":{"loc":{"start":{"line":61,"column":2},"end":{"line":64,"column":3}},"type":"if","locations":[{"start":{"line":61,"column":2},"end":{"line":64,"column":3}},{"start":{},"end":{}}],"line":61},"6":{"loc":{"start":{"line":68,"column":4},"end":{"line":73,"column":5}},"type":"if","locations":[{"start":{"line":68,"column":4},"end":{"line":73,"column":5}},{"start":{},"end":{}}],"line":68},"7":{"loc":{"start":{"line":92,"column":2},"end":{"line":101,"column":3}},"type":"if","locations":[{"start":{"line":92,"column":2},"end":{"line":101,"column":3}},{"start":{},"end":{}}],"line":92},"8":{"loc":{"start":{"line":92,"column":6},"end":{"line":92,"column":43}},"type":"binary-expr","locations":[{"start":{"line":92,"column":6},"end":{"line":92,"column":21}},{"start":{"line":92,"column":25},"end":{"line":92,"column":43}}],"line":92},"9":{"loc":{"start":{"line":94,"column":6},"end":{"line":98,"column":20}},"type":"cond-expr","locations":[{"start":{"line":95,"column":10},"end":{"line":95,"column":30}},{"start":{"line":96,"column":10},"end":{"line":98,"column":20}}],"line":94},"10":{"loc":{"start":{"line":94,"column":6},"end":{"line":94,"column":43}},"type":"binary-expr","locations":[{"start":{"line":94,"column":6},"end":{"line":94,"column":21}},{"start":{"line":94,"column":25},"end":{"line":94,"column":43}}],"line":94},"11":{"loc":{"start":{"line":96,"column":10},"end":{"line":98,"column":20}},"type":"cond-expr","locations":[{"start":{"line":97,"column":10},"end":{"line":97,"column":17}},{"start":{"line":98,"column":10},"end":{"line":98,"column":20}}],"line":96},"12":{"loc":{"start":{"line":104,"column":2},"end":{"line":107,"column":3}},"type":"if","locations":[{"start":{"line":104,"column":2},"end":{"line":107,"column":3}},{"start":{},"end":{}}],"line":104},"13":{"loc":{"start":{"line":133,"column":2},"end":{"line":136,"column":3}},"type":"if","locations":[{"start":{"line":133,"column":2},"end":{"line":136,"column":3}},{"start":{},"end":{}}],"line":133},"14":{"loc":{"start":{"line":142,"column":4},"end":{"line":145,"column":5}},"type":"if","locations":[{"start":{"line":142,"column":4},"end":{"line":145,"column":5}},{"start":{},"end":{}}],"line":142},"15":{"loc":{"start":{"line":176,"column":4},"end":{"line":179,"column":5}},"type":"if","locations":[{"start":{"line":176,"column":4},"end":{"line":179,"column":5}},{"start":{},"end":{}}],"line":176},"16":{"loc":{"start":{"line":198,"column":6},"end":{"line":198,"column":43}},"type":"if","locations":[{"start":{"line":198,"column":6},"end":{"line":198,"column":43}},{"start":{},"end":{}}],"line":198},"17":{"loc":{"start":{"line":206,"column":6},"end":{"line":206,"column":75}},"type":"if","locations":[{"start":{"line":206,"column":6},"end":{"line":206,"column":75}},{"start":{},"end":{}}],"line":206},"18":{"loc":{"start":{"line":212,"column":6},"end":{"line":212,"column":73}},"type":"if","locations":[{"start":{"line":212,"column":6},"end":{"line":212,"column":73}},{"start":{},"end":{}}],"line":212},"19":{"loc":{"start":{"line":212,"column":10},"end":{"line":212,"column":59}},"type":"binary-expr","locations":[{"start":{"line":212,"column":10},"end":{"line":212,"column":32}},{"start":{"line":212,"column":36},"end":{"line":212,"column":59}}],"line":212},"20":{"loc":{"start":{"line":214,"column":6},"end":{"line":214,"column":50}},"type":"if","locations":[{"start":{"line":214,"column":6},"end":{"line":214,"column":50}},{"start":{},"end":{}}],"line":214},"21":{"loc":{"start":{"line":215,"column":6},"end":{"line":215,"column":50}},"type":"if","locations":[{"start":{"line":215,"column":6},"end":{"line":215,"column":50}},{"start":{},"end":{}}],"line":215},"22":{"loc":{"start":{"line":217,"column":6},"end":{"line":217,"column":59}},"type":"if","locations":[{"start":{"line":217,"column":6},"end":{"line":217,"column":59}},{"start":{},"end":{}}],"line":217},"23":{"loc":{"start":{"line":217,"column":10},"end":{"line":217,"column":44}},"type":"binary-expr","locations":[{"start":{"line":217,"column":10},"end":{"line":217,"column":18}},{"start":{"line":217,"column":22},"end":{"line":217,"column":44}}],"line":217},"24":{"loc":{"start":{"line":218,"column":6},"end":{"line":218,"column":61}},"type":"if","locations":[{"start":{"line":218,"column":6},"end":{"line":218,"column":61}},{"start":{},"end":{}}],"line":218},"25":{"loc":{"start":{"line":218,"column":10},"end":{"line":218,"column":46}},"type":"binary-expr","locations":[{"start":{"line":218,"column":10},"end":{"line":218,"column":19}},{"start":{"line":218,"column":23},"end":{"line":218,"column":46}}],"line":218},"26":{"loc":{"start":{"line":224,"column":6},"end":{"line":224,"column":42}},"type":"if","locations":[{"start":{"line":224,"column":6},"end":{"line":224,"column":42}},{"start":{},"end":{}}],"line":224},"27":{"loc":{"start":{"line":227,"column":6},"end":{"line":227,"column":50}},"type":"if","locations":[{"start":{"line":227,"column":6},"end":{"line":227,"column":50}},{"start":{},"end":{}}],"line":227},"28":{"loc":{"start":{"line":232,"column":8},"end":{"line":232,"column":63}},"type":"if","locations":[{"start":{"line":232,"column":8},"end":{"line":232,"column":63}},{"start":{},"end":{}}],"line":232},"29":{"loc":{"start":{"line":236,"column":30},"end":{"line":236,"column":90}},"type":"binary-expr","locations":[{"start":{"line":236,"column":30},"end":{"line":236,"column":48}},{"start":{"line":236,"column":52},"end":{"line":236,"column":70}},{"start":{"line":236,"column":74},"end":{"line":236,"column":90}}],"line":236},"30":{"loc":{"start":{"line":269,"column":2},"end":{"line":272,"column":3}},"type":"if","locations":[{"start":{"line":269,"column":2},"end":{"line":272,"column":3}},{"start":{},"end":{}}],"line":269}},"s":{"0":1,"1":1,"2":1,"3":1,"4":1,"5":1,"6":1,"7":1,"8":1,"9":1,"10":1,"11":0,"12":1,"13":1,"14":6,"15":3,"16":3,"17":3,"18":3,"19":3,"20":0,"21":0,"22":3,"23":3,"24":3,"25":2,"26":2,"27":0,"28":1,"29":1,"30":1,"31":0,"32":1,"33":6,"34":3,"35":3,"36":3,"37":3,"38":3,"39":2,"40":2,"41":1,"42":1,"43":1,"44":1,"45":1,"46":1,"47":1,"48":0,"49":1,"50":1,"51":0,"52":0,"53":1,"54":1,"55":1,"56":1,"57":0,"58":0,"59":1,"60":1,"61":0,"62":1,"63":1,"64":1,"65":1,"66":0,"67":1,"68":3,"69":3,"70":3,"71":3,"72":1,"73":1,"74":2,"75":0,"76":1,"77":1,"78":1,"79":1,"80":1,"81":1,"82":1,"83":1,"84":19,"85":0,"86":19,"87":19,"88":19,"89":10,"90":10,"91":19,"92":9,"93":10,"94":1,"95":2,"96":2,"97":0,"98":0,"99":0,"100":0,"101":0,"102":0,"103":0,"104":0,"105":0,"106":1,"107":2,"108":2,"109":0,"110":0,"111":0,"112":0,"113":0,"114":0,"115":0,"116":0,"117":0,"118":1,"119":19,"120":1,"121":1,"122":0,"123":1,"124":3,"125":3,"126":3,"127":0,"128":0,"129":3,"130":3,"131":3,"132":0,"133":1},"f":{"0":0,"1":6,"2":6,"3":1,"4":1,"5":3,"6":1,"7":19,"8":19,"9":10,"10":2,"11":2,"12":0,"13":19,"14":3},"b":{"0":[3,3],"1":[6,4],"2":[1,2],"3":[3,2],"4":[1,1],"5":[0,3],"6":[2,1],"7":[3,3],"8":[6,4],"9":[1,2],"10":[3,2],"11":[1,1],"12":[2,1],"13":[0,1],"14":[0,1],"15":[1,2],"16":[0,19],"17":[9,10],"18":[2,0],"19":[2,2],"20":[0,0],"21":[0,0],"22":[0,0],"23":[0,0],"24":[0,0],"25":[0,0],"26":[2,0],"27":[0,0],"28":[0,0],"29":[19,2,2],"30":[0,3]},"_coverageSchema":"1a1c01bbd47fc00a2c39e90264f33305004495a9","hash":"86ab82f65fb6842b5b65f9a6488cc8c880c701ac"}
,"C:\\Users\\ge010\\OneDrive\\Documents\\GitHub\\group-project-team-15\\backend\\utils\\auth.js": {"path":"C:\\Users\\ge010\\OneDrive\\Documents\\GitHub\\group-project-team-15\\backend\\utils\\auth.js","statementMap":{"0":{"start":{"line":6,"column":12},"end":{"line":6,"column":35}},"1":{"start":{"line":9,"column":0},"end":{"line":9,"column":27}},"2":{"start":{"line":16,"column":4},"end":{"line":16,"column":30}},"3":{"start":{"line":24,"column":15},"end":{"line":24,"column":30}},"4":{"start":{"line":26,"column":25},"end":{"line":34,"column":1}},"5":{"start":{"line":27,"column":2},"end":{"line":33,"column":3}},"6":{"start":{"line":28,"column":18},"end":{"line":28,"column":79}},"7":{"start":{"line":29,"column":4},"end":{"line":29,"column":32}},"8":{"start":{"line":30,"column":4},"end":{"line":30,"column":17}},"9":{"start":{"line":32,"column":4},"end":{"line":32,"column":45}},"10":{"start":{"line":41,"column":19},"end":{"line":57,"column":1}},"11":{"start":{"line":42,"column":2},"end":{"line":56,"column":3}},"12":{"start":{"line":44,"column":20},"end":{"line":44,"column":45}},"13":{"start":{"line":45,"column":4},"end":{"line":45,"column":36}},"14":{"start":{"line":47,"column":17},"end":{"line":47,"column":55}},"15":{"start":{"line":48,"column":4},"end":{"line":50,"column":5}},"16":{"start":{"line":49,"column":6},"end":{"line":49,"column":19}},"17":{"start":{"line":51,"column":4},"end":{"line":51,"column":16}},"18":{"start":{"line":54,"column":4},"end":{"line":54,"column":38}},"19":{"start":{"line":55,"column":4},"end":{"line":55,"column":17}},"20":{"start":{"line":67,"column":0},"end":{"line":67,"column":50}}},"fnMap":{"0":{"name":"(anonymous_0)","decl":{"start":{"line":26,"column":25},"end":{"line":26,"column":26}},"loc":{"start":{"line":26,"column":37},"end":{"line":34,"column":1}},"line":26},"1":{"name":"(anonymous_1)","decl":{"start":{"line":41,"column":19},"end":{"line":41,"column":20}},"loc":{"start":{"line":41,"column":36},"end":{"line":57,"column":1}},"line":41}},"branchMap":{"0":{"loc":{"start":{"line":48,"column":4},"end":{"line":50,"column":5}},"type":"if","locations":[{"start":{"line":48,"column":4},"end":{"line":50,"column":5}},{"start":{},"end":{}}],"line":48}},"s":{"0":1,"1":1,"2":1,"3":1,"4":1,"5":7,"6":7,"7":6,"8":6,"9":1,"10":1,"11":5,"12":5,"13":3,"14":3,"15":3,"16":1,"17":2,"18":2,"19":2,"20":1},"f":{"0":7,"1":5},"b":{"0":[1,2]},"_coverageSchema":"1a1c01bbd47fc00a2c39e90264f33305004495a9","hash":"b552cf2a4db36c4a356a7b86047244b94fed2697"}
}
