{"/Users/cedricc/Documents/Penn/CIS-3500/group-project-team-15/backend/DbOperations.js": {"path":"/Users/cedricc/Documents/Penn/CIS-3500/group-project-team-15/backend/DbOperations.js","statementMap":{"0":{"start":{"line":10,"column":24},"end":{"line":10,"column":42}},"1":{"start":{"line":13,"column":21},"end":{"line":13,"column":39}},"2":{"start":{"line":15,"column":0},"end":{"line":15,"column":27}},"3":{"start":{"line":17,"column":15},"end":{"line":17,"column":34}},"4":{"start":{"line":18,"column":19},"end":{"line":18,"column":42}},"5":{"start":{"line":21,"column":14},"end":{"line":21,"column":140}},"6":{"start":{"line":30,"column":16},"end":{"line":43,"column":1}},"7":{"start":{"line":32,"column":2},"end":{"line":42,"column":3}},"8":{"start":{"line":33,"column":4},"end":{"line":36,"column":7}},"9":{"start":{"line":38,"column":4},"end":{"line":38,"column":73}},"10":{"start":{"line":39,"column":4},"end":{"line":39,"column":27}},"11":{"start":{"line":41,"column":4},"end":{"line":41,"column":36}},"12":{"start":{"line":49,"column":14},"end":{"line":55,"column":1}},"13":{"start":{"line":51,"column":2},"end":{"line":53,"column":3}},"14":{"start":{"line":52,"column":4},"end":{"line":52,"column":20}},"15":{"start":{"line":54,"column":2},"end":{"line":54,"column":30}},"16":{"start":{"line":61,"column":31},"end":{"line":63,"column":1}},"17":{"start":{"line":62,"column":2},"end":{"line":62,"column":32}},"18":{"start":{"line":70,"column":17},"end":{"line":81,"column":1}},"19":{"start":{"line":71,"column":2},"end":{"line":80,"column":3}},"20":{"start":{"line":73,"column":15},"end":{"line":73,"column":28}},"21":{"start":{"line":74,"column":19},"end":{"line":74,"column":66}},"22":{"start":{"line":76,"column":4},"end":{"line":76,"column":52}},"23":{"start":{"line":77,"column":4},"end":{"line":77,"column":18}},"24":{"start":{"line":79,"column":4},"end":{"line":79,"column":48}},"25":{"start":{"line":89,"column":16},"end":{"line":111,"column":1}},"26":{"start":{"line":91,"column":13},"end":{"line":91,"column":26}},"27":{"start":{"line":92,"column":2},"end":{"line":92,"column":36}},"28":{"start":{"line":93,"column":17},"end":{"line":93,"column":64}},"29":{"start":{"line":94,"column":2},"end":{"line":94,"column":27}},"30":{"start":{"line":119,"column":16},"end":{"line":132,"column":1}},"31":{"start":{"line":120,"column":2},"end":{"line":131,"column":3}},"32":{"start":{"line":122,"column":15},"end":{"line":122,"column":28}},"33":{"start":{"line":123,"column":19},"end":{"line":125,"column":45}},"34":{"start":{"line":127,"column":4},"end":{"line":127,"column":51}},"35":{"start":{"line":128,"column":4},"end":{"line":128,"column":18}},"36":{"start":{"line":130,"column":4},"end":{"line":130,"column":48}},"37":{"start":{"line":139,"column":23},"end":{"line":150,"column":1}},"38":{"start":{"line":140,"column":2},"end":{"line":149,"column":3}},"39":{"start":{"line":142,"column":15},"end":{"line":142,"column":28}},"40":{"start":{"line":143,"column":19},"end":{"line":143,"column":73}},"41":{"start":{"line":146,"column":4},"end":{"line":146,"column":18}},"42":{"start":{"line":148,"column":4},"end":{"line":148,"column":48}},"43":{"start":{"line":161,"column":19},"end":{"line":179,"column":1}},"44":{"start":{"line":162,"column":2},"end":{"line":162,"column":23}},"45":{"start":{"line":163,"column":20},"end":{"line":163,"column":22}},"46":{"start":{"line":164,"column":2},"end":{"line":167,"column":5}},"47":{"start":{"line":165,"column":4},"end":{"line":165,"column":20}},"48":{"start":{"line":166,"column":4},"end":{"line":166,"column":33}},"49":{"start":{"line":168,"column":2},"end":{"line":168,"column":39}},"50":{"start":{"line":169,"column":2},"end":{"line":178,"column":3}},"51":{"start":{"line":171,"column":15},"end":{"line":171,"column":28}},"52":{"start":{"line":172,"column":19},"end":{"line":174,"column":68}},"53":{"start":{"line":175,"column":4},"end":{"line":175,"column":18}},"54":{"start":{"line":177,"column":4},"end":{"line":177,"column":48}},"55":{"start":{"line":188,"column":26},"end":{"line":208,"column":1}},"56":{"start":{"line":189,"column":2},"end":{"line":189,"column":23}},"57":{"start":{"line":190,"column":20},"end":{"line":190,"column":22}},"58":{"start":{"line":191,"column":2},"end":{"line":194,"column":5}},"59":{"start":{"line":192,"column":4},"end":{"line":192,"column":20}},"60":{"start":{"line":193,"column":4},"end":{"line":193,"column":33}},"61":{"start":{"line":195,"column":2},"end":{"line":195,"column":21}},"62":{"start":{"line":196,"column":2},"end":{"line":196,"column":27}},"63":{"start":{"line":197,"column":2},"end":{"line":197,"column":25}},"64":{"start":{"line":198,"column":2},"end":{"line":207,"column":3}},"65":{"start":{"line":200,"column":15},"end":{"line":200,"column":28}},"66":{"start":{"line":201,"column":19},"end":{"line":203,"column":55}},"67":{"start":{"line":204,"column":4},"end":{"line":204,"column":18}},"68":{"start":{"line":206,"column":4},"end":{"line":206,"column":48}},"69":{"start":{"line":217,"column":19},"end":{"line":230,"column":1}},"70":{"start":{"line":218,"column":2},"end":{"line":229,"column":3}},"71":{"start":{"line":220,"column":15},"end":{"line":220,"column":28}},"72":{"start":{"line":221,"column":19},"end":{"line":223,"column":47}},"73":{"start":{"line":225,"column":4},"end":{"line":225,"column":51}},"74":{"start":{"line":226,"column":4},"end":{"line":226,"column":18}},"75":{"start":{"line":228,"column":4},"end":{"line":228,"column":48}},"76":{"start":{"line":233,"column":0},"end":{"line":244,"column":2}}},"fnMap":{"0":{"name":"(anonymous_0)","decl":{"start":{"line":30,"column":16},"end":{"line":30,"column":17}},"loc":{"start":{"line":30,"column":28},"end":{"line":43,"column":1}},"line":30},"1":{"name":"(anonymous_1)","decl":{"start":{"line":49,"column":14},"end":{"line":49,"column":15}},"loc":{"start":{"line":49,"column":26},"end":{"line":55,"column":1}},"line":49},"2":{"name":"(anonymous_2)","decl":{"start":{"line":61,"column":31},"end":{"line":61,"column":32}},"loc":{"start":{"line":61,"column":43},"end":{"line":63,"column":1}},"line":61},"3":{"name":"(anonymous_3)","decl":{"start":{"line":70,"column":17},"end":{"line":70,"column":18}},"loc":{"start":{"line":70,"column":29},"end":{"line":81,"column":1}},"line":70},"4":{"name":"(anonymous_4)","decl":{"start":{"line":89,"column":16},"end":{"line":89,"column":17}},"loc":{"start":{"line":89,"column":35},"end":{"line":111,"column":1}},"line":89},"5":{"name":"(anonymous_5)","decl":{"start":{"line":119,"column":16},"end":{"line":119,"column":17}},"loc":{"start":{"line":119,"column":34},"end":{"line":132,"column":1}},"line":119},"6":{"name":"(anonymous_6)","decl":{"start":{"line":139,"column":23},"end":{"line":139,"column":24}},"loc":{"start":{"line":139,"column":40},"end":{"line":150,"column":1}},"line":139},"7":{"name":"(anonymous_7)","decl":{"start":{"line":161,"column":19},"end":{"line":161,"column":20}},"loc":{"start":{"line":161,"column":46},"end":{"line":179,"column":1}},"line":161},"8":{"name":"(anonymous_8)","decl":{"start":{"line":164,"column":18},"end":{"line":164,"column":19}},"loc":{"start":{"line":164,"column":26},"end":{"line":167,"column":3}},"line":164},"9":{"name":"(anonymous_9)","decl":{"start":{"line":188,"column":26},"end":{"line":188,"column":27}},"loc":{"start":{"line":188,"column":52},"end":{"line":208,"column":1}},"line":188},"10":{"name":"(anonymous_10)","decl":{"start":{"line":191,"column":18},"end":{"line":191,"column":19}},"loc":{"start":{"line":191,"column":26},"end":{"line":194,"column":3}},"line":191},"11":{"name":"(anonymous_11)","decl":{"start":{"line":217,"column":19},"end":{"line":217,"column":20}},"loc":{"start":{"line":217,"column":37},"end":{"line":230,"column":1}},"line":217}},"branchMap":{"0":{"loc":{"start":{"line":51,"column":2},"end":{"line":53,"column":3}},"type":"if","locations":[{"start":{"line":51,"column":2},"end":{"line":53,"column":3}},{"start":{},"end":{}}],"line":51}},"s":{"0":1,"1":1,"2":1,"3":1,"4":1,"5":1,"6":1,"7":1,"8":1,"9":1,"10":1,"11":0,"12":1,"13":12,"14":1,"15":12,"16":1,"17":1,"18":1,"19":1,"20":1,"21":1,"22":1,"23":1,"24":0,"25":1,"26":1,"27":1,"28":1,"29":1,"30":1,"31":0,"32":0,"33":0,"34":0,"35":0,"36":0,"37":1,"38":7,"39":7,"40":7,"41":7,"42":0,"43":1,"44":0,"45":0,"46":0,"47":0,"48":0,"49":0,"50":0,"51":0,"52":0,"53":0,"54":0,"55":1,"56":2,"57":2,"58":2,"59":2,"60":2,"61":2,"62":2,"63":2,"64":2,"65":2,"66":2,"67":2,"68":0,"69":1,"70":0,"71":0,"72":0,"73":0,"74":0,"75":0,"76":1},"f":{"0":1,"1":12,"2":1,"3":1,"4":1,"5":0,"6":7,"7":0,"8":0,"9":2,"10":2,"11":0},"b":{"0":[1,11]},"_coverageSchema":"1a1c01bbd47fc00a2c39e90264f33305004495a9","hash":"4ad2c814e0fbca43b00b229035995e224757e00b"}
,"/Users/cedricc/Documents/Penn/CIS-3500/group-project-team-15/backend/server.js": {"path":"/Users/cedricc/Documents/Penn/CIS-3500/group-project-team-15/backend/server.js","statementMap":{"0":{"start":{"line":6,"column":16},"end":{"line":6,"column":34}},"1":{"start":{"line":7,"column":15},"end":{"line":7,"column":32}},"2":{"start":{"line":10,"column":13},"end":{"line":10,"column":28}},"3":{"start":{"line":13,"column":15},"end":{"line":13,"column":24}},"4":{"start":{"line":16,"column":41},"end":{"line":16,"column":64}},"5":{"start":{"line":18,"column":0},"end":{"line":18,"column":19}},"6":{"start":{"line":21,"column":0},"end":{"line":21,"column":27}},"7":{"start":{"line":24,"column":0},"end":{"line":24,"column":51}},"8":{"start":{"line":27,"column":14},"end":{"line":27,"column":39}},"9":{"start":{"line":30,"column":0},"end":{"line":32,"column":3}},"10":{"start":{"line":31,"column":2},"end":{"line":31,"column":74}},"11":{"start":{"line":38,"column":0},"end":{"line":74,"column":3}},"12":{"start":{"line":40,"column":2},"end":{"line":45,"column":3}},"13":{"start":{"line":42,"column":14},"end":{"line":42,"column":115}},"14":{"start":{"line":43,"column":4},"end":{"line":43,"column":61}},"15":{"start":{"line":44,"column":4},"end":{"line":44,"column":11}},"16":{"start":{"line":48,"column":15},"end":{"line":48,"column":57}},"17":{"start":{"line":50,"column":2},"end":{"line":53,"column":3}},"18":{"start":{"line":51,"column":4},"end":{"line":51,"column":68}},"19":{"start":{"line":52,"column":4},"end":{"line":52,"column":11}},"20":{"start":{"line":55,"column":2},"end":{"line":65,"column":3}},"21":{"start":{"line":56,"column":18},"end":{"line":56,"column":72}},"22":{"start":{"line":57,"column":4},"end":{"line":62,"column":5}},"23":{"start":{"line":58,"column":6},"end":{"line":60,"column":71}},"24":{"start":{"line":61,"column":6},"end":{"line":61,"column":13}},"25":{"start":{"line":64,"column":4},"end":{"line":64,"column":46}},"26":{"start":{"line":68,"column":2},"end":{"line":73,"column":3}},"27":{"start":{"line":69,"column":18},"end":{"line":69,"column":50}},"28":{"start":{"line":70,"column":4},"end":{"line":70,"column":46}},"29":{"start":{"line":72,"column":4},"end":{"line":72,"column":61}},"30":{"start":{"line":80,"column":0},"end":{"line":110,"column":3}},"31":{"start":{"line":81,"column":2},"end":{"line":85,"column":3}},"32":{"start":{"line":82,"column":14},"end":{"line":82,"column":115}},"33":{"start":{"line":83,"column":4},"end":{"line":83,"column":62}},"34":{"start":{"line":84,"column":4},"end":{"line":84,"column":11}},"35":{"start":{"line":87,"column":18},"end":{"line":87,"column":60}},"36":{"start":{"line":88,"column":2},"end":{"line":91,"column":3}},"37":{"start":{"line":89,"column":4},"end":{"line":89,"column":61}},"38":{"start":{"line":90,"column":4},"end":{"line":90,"column":11}},"39":{"start":{"line":93,"column":25},"end":{"line":93,"column":65}},"40":{"start":{"line":96,"column":2},"end":{"line":109,"column":3}},"41":{"start":{"line":97,"column":20},"end":{"line":102,"column":5}},"42":{"start":{"line":103,"column":4},"end":{"line":103,"column":25}},"43":{"start":{"line":104,"column":19},"end":{"line":104,"column":47}},"44":{"start":{"line":105,"column":4},"end":{"line":105,"column":24}},"45":{"start":{"line":106,"column":4},"end":{"line":106,"column":52}},"46":{"start":{"line":108,"column":4},"end":{"line":108,"column":59}},"47":{"start":{"line":115,"column":0},"end":{"line":125,"column":3}},"48":{"start":{"line":116,"column":2},"end":{"line":124,"column":3}},"49":{"start":{"line":118,"column":18},"end":{"line":118,"column":40}},"50":{"start":{"line":120,"column":4},"end":{"line":120,"column":43}},"51":{"start":{"line":123,"column":4},"end":{"line":123,"column":61}},"52":{"start":{"line":130,"column":0},"end":{"line":144,"column":3}},"53":{"start":{"line":131,"column":2},"end":{"line":131,"column":56}},"54":{"start":{"line":132,"column":2},"end":{"line":143,"column":3}},"55":{"start":{"line":134,"column":20},"end":{"line":134,"column":64}},"56":{"start":{"line":135,"column":4},"end":{"line":138,"column":5}},"57":{"start":{"line":136,"column":6},"end":{"line":136,"column":54}},"58":{"start":{"line":137,"column":6},"end":{"line":137,"column":13}},"59":{"start":{"line":140,"column":4},"end":{"line":140,"column":44}},"60":{"start":{"line":142,"column":4},"end":{"line":142,"column":57}},"61":{"start":{"line":166,"column":0},"end":{"line":181,"column":3}},"62":{"start":{"line":167,"column":2},"end":{"line":167,"column":39}},"63":{"start":{"line":168,"column":2},"end":{"line":168,"column":24}},"64":{"start":{"line":170,"column":2},"end":{"line":173,"column":3}},"65":{"start":{"line":171,"column":4},"end":{"line":171,"column":54}},"66":{"start":{"line":172,"column":4},"end":{"line":172,"column":11}},"67":{"start":{"line":174,"column":2},"end":{"line":180,"column":3}},"68":{"start":{"line":175,"column":19},"end":{"line":175,"column":81}},"69":{"start":{"line":177,"column":4},"end":{"line":177,"column":46}},"70":{"start":{"line":179,"column":4},"end":{"line":179,"column":55}},"71":{"start":{"line":184,"column":0},"end":{"line":184,"column":24}}},"fnMap":{"0":{"name":"(anonymous_0)","decl":{"start":{"line":30,"column":16},"end":{"line":30,"column":17}},"loc":{"start":{"line":30,"column":31},"end":{"line":32,"column":1}},"line":30},"1":{"name":"(anonymous_1)","decl":{"start":{"line":38,"column":22},"end":{"line":38,"column":23}},"loc":{"start":{"line":38,"column":42},"end":{"line":74,"column":1}},"line":38},"2":{"name":"(anonymous_2)","decl":{"start":{"line":80,"column":25},"end":{"line":80,"column":26}},"loc":{"start":{"line":80,"column":46},"end":{"line":110,"column":1}},"line":80},"3":{"name":"(anonymous_3)","decl":{"start":{"line":115,"column":21},"end":{"line":115,"column":22}},"loc":{"start":{"line":115,"column":42},"end":{"line":125,"column":1}},"line":115},"4":{"name":"(anonymous_4)","decl":{"start":{"line":130,"column":28},"end":{"line":130,"column":29}},"loc":{"start":{"line":130,"column":48},"end":{"line":144,"column":1}},"line":130},"5":{"name":"(anonymous_5)","decl":{"start":{"line":166,"column":28},"end":{"line":166,"column":29}},"loc":{"start":{"line":166,"column":48},"end":{"line":181,"column":1}},"line":166}},"branchMap":{"0":{"loc":{"start":{"line":40,"column":2},"end":{"line":45,"column":3}},"type":"if","locations":[{"start":{"line":40,"column":2},"end":{"line":45,"column":3}},{"start":{},"end":{}}],"line":40},"1":{"loc":{"start":{"line":40,"column":6},"end":{"line":40,"column":43}},"type":"binary-expr","locations":[{"start":{"line":40,"column":6},"end":{"line":40,"column":21}},{"start":{"line":40,"column":25},"end":{"line":40,"column":43}}],"line":40},"2":{"loc":{"start":{"line":42,"column":14},"end":{"line":42,"column":115}},"type":"cond-expr","locations":[{"start":{"line":42,"column":54},"end":{"line":42,"column":74}},{"start":{"line":42,"column":77},"end":{"line":42,"column":115}}],"line":42},"3":{"loc":{"start":{"line":42,"column":14},"end":{"line":42,"column":51}},"type":"binary-expr","locations":[{"start":{"line":42,"column":14},"end":{"line":42,"column":29}},{"start":{"line":42,"column":33},"end":{"line":42,"column":51}}],"line":42},"4":{"loc":{"start":{"line":42,"column":77},"end":{"line":42,"column":115}},"type":"cond-expr","locations":[{"start":{"line":42,"column":95},"end":{"line":42,"column":102}},{"start":{"line":42,"column":105},"end":{"line":42,"column":115}}],"line":42},"5":{"loc":{"start":{"line":50,"column":2},"end":{"line":53,"column":3}},"type":"if","locations":[{"start":{"line":50,"column":2},"end":{"line":53,"column":3}},{"start":{},"end":{}}],"line":50},"6":{"loc":{"start":{"line":57,"column":4},"end":{"line":62,"column":5}},"type":"if","locations":[{"start":{"line":57,"column":4},"end":{"line":62,"column":5}},{"start":{},"end":{}}],"line":57},"7":{"loc":{"start":{"line":81,"column":2},"end":{"line":85,"column":3}},"type":"if","locations":[{"start":{"line":81,"column":2},"end":{"line":85,"column":3}},{"start":{},"end":{}}],"line":81},"8":{"loc":{"start":{"line":81,"column":6},"end":{"line":81,"column":43}},"type":"binary-expr","locations":[{"start":{"line":81,"column":6},"end":{"line":81,"column":21}},{"start":{"line":81,"column":25},"end":{"line":81,"column":43}}],"line":81},"9":{"loc":{"start":{"line":82,"column":14},"end":{"line":82,"column":115}},"type":"cond-expr","locations":[{"start":{"line":82,"column":54},"end":{"line":82,"column":74}},{"start":{"line":82,"column":77},"end":{"line":82,"column":115}}],"line":82},"10":{"loc":{"start":{"line":82,"column":14},"end":{"line":82,"column":51}},"type":"binary-expr","locations":[{"start":{"line":82,"column":14},"end":{"line":82,"column":29}},{"start":{"line":82,"column":33},"end":{"line":82,"column":51}}],"line":82},"11":{"loc":{"start":{"line":82,"column":77},"end":{"line":82,"column":115}},"type":"cond-expr","locations":[{"start":{"line":82,"column":95},"end":{"line":82,"column":102}},{"start":{"line":82,"column":105},"end":{"line":82,"column":115}}],"line":82},"12":{"loc":{"start":{"line":88,"column":2},"end":{"line":91,"column":3}},"type":"if","locations":[{"start":{"line":88,"column":2},"end":{"line":91,"column":3}},{"start":{},"end":{}}],"line":88},"13":{"loc":{"start":{"line":135,"column":4},"end":{"line":138,"column":5}},"type":"if","locations":[{"start":{"line":135,"column":4},"end":{"line":138,"column":5}},{"start":{},"end":{}}],"line":135},"14":{"loc":{"start":{"line":170,"column":2},"end":{"line":173,"column":3}},"type":"if","locations":[{"start":{"line":170,"column":2},"end":{"line":173,"column":3}},{"start":{},"end":{}}],"line":170}},"s":{"0":1,"1":1,"2":1,"3":1,"4":1,"5":1,"6":1,"7":1,"8":1,"9":1,"10":0,"11":1,"12":6,"13":3,"14":3,"15":3,"16":3,"17":3,"18":0,"19":0,"20":3,"21":3,"22":3,"23":2,"24":2,"25":0,"26":1,"27":1,"28":1,"29":0,"30":1,"31":5,"32":3,"33":3,"34":3,"35":2,"36":2,"37":1,"38":1,"39":1,"40":1,"41":1,"42":1,"43":1,"44":1,"45":1,"46":0,"47":1,"48":1,"49":1,"50":1,"51":0,"52":1,"53":2,"54":2,"55":2,"56":2,"57":1,"58":1,"59":1,"60":0,"61":1,"62":2,"63":2,"64":2,"65":0,"66":0,"67":2,"68":2,"69":2,"70":0,"71":1},"f":{"0":0,"1":6,"2":5,"3":1,"4":2,"5":2},"b":{"0":[3,3],"1":[6,4],"2":[1,2],"3":[3,2],"4":[1,1],"5":[0,3],"6":[2,1],"7":[3,2],"8":[5,3],"9":[1,2],"10":[3,2],"11":[1,1],"12":[1,1],"13":[1,1],"14":[0,2]},"_coverageSchema":"1a1c01bbd47fc00a2c39e90264f33305004495a9","hash":"d6b9078d9b054469055771b91bb3dbd3bbbd6d69"}
,"/Users/cedricc/Documents/Penn/CIS-3500/group-project-team-15/backend/utils/auth.js": {"path":"/Users/cedricc/Documents/Penn/CIS-3500/group-project-team-15/backend/utils/auth.js","statementMap":{"0":{"start":{"line":6,"column":12},"end":{"line":6,"column":35}},"1":{"start":{"line":9,"column":0},"end":{"line":9,"column":27}},"2":{"start":{"line":12,"column":29},"end":{"line":12,"column":55}},"3":{"start":{"line":20,"column":15},"end":{"line":20,"column":30}},"4":{"start":{"line":22,"column":25},"end":{"line":30,"column":1}},"5":{"start":{"line":23,"column":2},"end":{"line":29,"column":3}},"6":{"start":{"line":24,"column":18},"end":{"line":24,"column":79}},"7":{"start":{"line":25,"column":4},"end":{"line":25,"column":32}},"8":{"start":{"line":26,"column":4},"end":{"line":26,"column":17}},"9":{"start":{"line":28,"column":4},"end":{"line":28,"column":45}},"10":{"start":{"line":37,"column":19},"end":{"line":54,"column":1}},"11":{"start":{"line":38,"column":2},"end":{"line":53,"column":3}},"12":{"start":{"line":40,"column":20},"end":{"line":40,"column":45}},"13":{"start":{"line":41,"column":4},"end":{"line":41,"column":36}},"14":{"start":{"line":43,"column":17},"end":{"line":43,"column":57}},"15":{"start":{"line":44,"column":4},"end":{"line":47,"column":5}},"16":{"start":{"line":46,"column":6},"end":{"line":46,"column":19}},"17":{"start":{"line":48,"column":4},"end":{"line":48,"column":16}},"18":{"start":{"line":51,"column":4},"end":{"line":51,"column":38}},"19":{"start":{"line":52,"column":4},"end":{"line":52,"column":17}},"20":{"start":{"line":64,"column":0},"end":{"line":64,"column":50}}},"fnMap":{"0":{"name":"(anonymous_0)","decl":{"start":{"line":22,"column":25},"end":{"line":22,"column":26}},"loc":{"start":{"line":22,"column":37},"end":{"line":30,"column":1}},"line":22},"1":{"name":"(anonymous_1)","decl":{"start":{"line":37,"column":19},"end":{"line":37,"column":20}},"loc":{"start":{"line":37,"column":36},"end":{"line":54,"column":1}},"line":37}},"branchMap":{"0":{"loc":{"start":{"line":44,"column":4},"end":{"line":47,"column":5}},"type":"if","locations":[{"start":{"line":44,"column":4},"end":{"line":47,"column":5}},{"start":{},"end":{}}],"line":44}},"s":{"0":1,"1":1,"2":1,"3":1,"4":1,"5":1,"6":1,"7":1,"8":1,"9":0,"10":1,"11":0,"12":0,"13":0,"14":0,"15":0,"16":0,"17":0,"18":0,"19":0,"20":1},"f":{"0":1,"1":0},"b":{"0":[0,0]},"_coverageSchema":"1a1c01bbd47fc00a2c39e90264f33305004495a9","hash":"2e27e07b307377fee65a07e848d40653a9db109e"}
}
