TN:
SF:DbConnection.js
FN:19,(anonymous_0)
FN:38,(anonymous_1)
FN:50,(anonymous_2)
FNF:3
FNH:3
FNDA:1,(anonymous_0)
FNDA:14,(anonymous_1)
FNDA:1,(anonymous_2)
DA:2,1
DA:4,1
DA:6,1
DA:7,1
DA:10,1
DA:19,1
DA:21,1
DA:22,1
DA:27,1
DA:28,1
DA:30,0
DA:38,1
DA:40,14
DA:41,1
DA:43,14
DA:50,1
DA:51,1
DA:54,1
LF:18
LH:17
BRDA:40,0,0,1
BRDA:40,0,1,13
BRF:2
BRH:2
end_of_record
TN:
SF:DbOperations.js
FN:19,(anonymous_0)
FN:38,(anonymous_1)
FN:68,(anonymous_2)
FN:88,(anonymous_3)
FN:110,(anonymous_4)
FN:113,(anonymous_5)
FN:137,(anonymous_6)
FN:139,(anonymous_7)
FN:154,(anonymous_8)
FNF:9
FNH:6
FNDA:1,(anonymous_0)
FNDA:1,(anonymous_1)
FNDA:0,(anonymous_2)
FNDA:8,(anonymous_3)
FNDA:0,(anonymous_4)
FNDA:0,(anonymous_5)
FNDA:2,(anonymous_6)
FNDA:2,(anonymous_7)
FNDA:1,(anonymous_8)
DA:9,1
DA:12,1
DA:19,1
DA:20,1
DA:22,1
DA:23,1
DA:25,1
DA:26,1
DA:28,0
DA:38,1
DA:40,1
DA:41,1
DA:42,1
DA:43,1
DA:68,1
DA:69,0
DA:71,0
DA:72,0
DA:76,0
DA:77,0
DA:79,0
DA:88,1
DA:89,8
DA:91,8
DA:92,8
DA:95,8
DA:97,0
DA:110,1
DA:111,0
DA:112,0
DA:113,0
DA:114,0
DA:115,0
DA:117,0
DA:118,0
DA:120,0
DA:121,0
DA:124,0
DA:126,0
DA:137,1
DA:138,2
DA:139,2
DA:140,2
DA:142,2
DA:144,2
DA:145,2
DA:148,2
DA:150,0
DA:154,1
DA:155,1
DA:157,1
DA:158,1
DA:161,1
DA:162,1
DA:163,1
DA:165,0
DA:192,1
LF:57
LH:36
BRF:0
BRH:0
end_of_record
TN:
SF:server.js
FN:30,(anonymous_0)
FN:38,(anonymous_1)
FN:85,(anonymous_2)
FN:125,(anonymous_3)
FN:150,(anonymous_4)
FN:165,(anonymous_5)
FN:181,(anonymous_6)
FN:211,(anonymous_7)
FNF:8
FNH:6
FNDA:0,(anonymous_0)
FNDA:6,(anonymous_1)
FNDA:5,(anonymous_2)
FNDA:0,(anonymous_3)
FNDA:1,(anonymous_4)
FNDA:3,(anonymous_5)
FNDA:1,(anonymous_6)
FNDA:2,(anonymous_7)
DA:6,1
DA:7,1
DA:10,1
DA:13,1
DA:16,1
DA:18,1
DA:21,1
DA:24,1
DA:27,1
DA:30,1
DA:31,0
DA:38,1
DA:40,6
DA:43,3
DA:48,3
DA:49,3
DA:53,3
DA:55,3
DA:56,0
DA:57,0
DA:60,3
DA:61,3
DA:62,3
DA:63,2
DA:66,2
DA:69,0
DA:73,1
DA:74,1
DA:75,1
DA:77,0
DA:85,1
DA:86,5
DA:88,3
DA:93,3
DA:94,3
DA:97,2
DA:98,2
DA:99,1
DA:100,1
DA:103,1
DA:106,1
DA:107,1
DA:113,1
DA:114,1
DA:115,1
DA:116,1
DA:118,0
DA:125,1
DA:127,0
DA:128,0
DA:129,0
DA:133,0
DA:134,0
DA:135,0
DA:136,0
DA:137,0
DA:138,0
DA:140,0
DA:141,0
DA:143,0
DA:150,1
DA:151,1
DA:153,1
DA:155,1
DA:158,0
DA:165,1
DA:166,3
DA:167,3
DA:169,3
DA:170,3
DA:171,1
DA:172,1
DA:175,2
DA:177,0
DA:181,1
DA:182,1
DA:183,1
DA:184,1
DA:185,1
DA:187,0
DA:211,1
DA:212,2
DA:213,2
DA:215,2
DA:216,0
DA:217,0
DA:219,2
DA:220,2
DA:225,2
DA:227,0
DA:232,1
LF:91
LH:67
BRDA:40,0,0,3
BRDA:40,0,1,3
BRDA:40,1,0,6
BRDA:40,1,1,4
BRDA:43,2,0,1
BRDA:43,2,1,2
BRDA:43,3,0,3
BRDA:43,3,1,2
BRDA:45,4,0,1
BRDA:45,4,1,1
BRDA:55,5,0,0
BRDA:55,5,1,3
BRDA:62,6,0,2
BRDA:62,6,1,1
BRDA:86,7,0,3
BRDA:86,7,1,2
BRDA:86,8,0,5
BRDA:86,8,1,3
BRDA:88,9,0,1
BRDA:88,9,1,2
BRDA:88,10,0,3
BRDA:88,10,1,2
BRDA:90,11,0,1
BRDA:90,11,1,1
BRDA:98,12,0,1
BRDA:98,12,1,1
BRDA:127,13,0,0
BRDA:127,13,1,0
BRDA:136,14,0,0
BRDA:136,14,1,0
BRDA:170,15,0,1
BRDA:170,15,1,2
BRDA:215,16,0,0
BRDA:215,16,1,2
BRF:34
BRH:28
end_of_record
TN:
SF:utils\auth.js
FN:26,(anonymous_0)
FN:41,(anonymous_1)
FNF:2
FNH:1
FNDA:1,(anonymous_0)
FNDA:0,(anonymous_1)
DA:6,1
DA:9,1
DA:16,1
DA:24,1
DA:26,1
DA:27,1
DA:28,1
DA:29,1
DA:30,1
DA:32,0
DA:41,1
DA:42,0
DA:44,0
DA:45,0
DA:47,0
DA:48,0
DA:49,0
DA:51,0
DA:54,0
DA:55,0
DA:67,1
LF:21
LH:11
BRDA:48,0,0,0
BRDA:48,0,1,0
BRF:2
BRH:0
end_of_record
