TN:
SF:DbConnection.js
FN:19,(anonymous_0)
FN:38,(anonymous_1)
FN:50,(anonymous_2)
FNF:3
FNH:3
FNDA:1,(anonymous_0)
FNDA:20,(anonymous_1)
FNDA:1,(anonymous_2)
DA:2,1
DA:4,1
DA:6,1
DA:7,1
DA:10,1
DA:19,1
DA:21,1
DA:22,1
DA:27,1
DA:28,1
DA:30,0
DA:38,1
DA:40,20
DA:41,1
DA:43,20
DA:50,1
DA:51,1
DA:54,1
LF:18
LH:17
BRDA:40,0,0,1
BRDA:40,0,1,19
BRF:2
BRH:2
end_of_record
TN:
SF:DbOperations.js
FN:19,(anonymous_0)
FN:38,(anonymous_1)
FN:68,(anonymous_2)
FN:88,(anonymous_3)
FN:110,(anonymous_4)
FN:113,(anonymous_5)
FN:137,(anonymous_6)
FN:139,(anonymous_7)
FN:154,(anonymous_8)
FN:156,(anonymous_9)
FN:172,(anonymous_10)
FNF:11
FNH:8
FNDA:1,(anonymous_0)
FNDA:1,(anonymous_1)
FNDA:0,(anonymous_2)
FNDA:12,(anonymous_3)
FNDA:0,(anonymous_4)
FNDA:0,(anonymous_5)
FNDA:3,(anonymous_6)
FNDA:3,(anonymous_7)
FNDA:2,(anonymous_8)
FNDA:36,(anonymous_9)
FNDA:36,(anonymous_10)
DA:9,1
DA:12,1
DA:19,1
DA:20,1
DA:22,1
DA:23,1
DA:26,1
DA:28,0
DA:38,1
DA:40,1
DA:41,1
DA:42,1
DA:43,1
DA:68,1
DA:69,0
DA:71,0
DA:72,0
DA:77,0
DA:79,0
DA:88,1
DA:89,12
DA:91,12
DA:92,12
DA:95,12
DA:97,0
DA:110,1
DA:112,0
DA:113,0
DA:115,0
DA:118,0
DA:120,0
DA:121,0
DA:124,0
DA:126,0
DA:137,1
DA:138,3
DA:139,3
DA:140,3
DA:142,3
DA:144,3
DA:145,3
DA:148,3
DA:150,0
DA:154,1
DA:156,2
DA:157,36
DA:158,29
DA:159,12
DA:162,24
DA:164,2
DA:166,2
DA:167,2
DA:170,2
DA:171,2
DA:172,2
DA:173,36
DA:174,36
DA:176,2
DA:178,0
DA:205,1
LF:60
LH:43
BRDA:158,0,0,12
BRDA:158,0,1,17
BRDA:174,1,0,12
BRDA:174,1,1,24
BRF:4
BRH:4
end_of_record
TN:
SF:server.js
FN:31,(anonymous_0)
FN:44,(anonymous_1)
FN:91,(anonymous_2)
FN:131,(anonymous_3)
FN:156,(anonymous_4)
FN:171,(anonymous_5)
FN:187,(anonymous_6)
FN:196,(anonymous_7)
FN:200,(anonymous_8)
FN:201,(anonymous_9)
FN:210,(anonymous_10)
FN:222,(anonymous_11)
FN:229,(anonymous_12)
FN:236,(anonymous_13)
FN:265,(anonymous_14)
FNF:15
FNH:13
FNDA:0,(anonymous_0)
FNDA:6,(anonymous_1)
FNDA:6,(anonymous_2)
FNDA:1,(anonymous_3)
FNDA:1,(anonymous_4)
FNDA:3,(anonymous_5)
FNDA:1,(anonymous_6)
FNDA:19,(anonymous_7)
FNDA:19,(anonymous_8)
FNDA:10,(anonymous_9)
FNDA:2,(anonymous_10)
FNDA:2,(anonymous_11)
FNDA:0,(anonymous_12)
FNDA:19,(anonymous_13)
FNDA:3,(anonymous_14)
DA:6,1
DA:7,1
DA:8,1
DA:11,1
DA:14,1
DA:17,1
DA:19,1
DA:22,1
DA:25,1
DA:28,1
DA:31,1
DA:32,0
DA:36,1
DA:44,1
DA:46,6
DA:49,3
DA:54,3
DA:55,3
DA:59,3
DA:61,3
DA:62,0
DA:63,0
DA:66,3
DA:67,3
DA:68,3
DA:69,2
DA:72,2
DA:75,0
DA:79,1
DA:80,1
DA:81,1
DA:83,0
DA:91,1
DA:92,6
DA:94,3
DA:99,3
DA:100,3
DA:103,3
DA:104,3
DA:105,2
DA:106,2
DA:109,1
DA:112,1
DA:113,1
DA:119,1
DA:120,1
DA:121,1
DA:122,1
DA:124,0
DA:131,1
DA:133,1
DA:134,0
DA:135,0
DA:139,1
DA:140,1
DA:141,1
DA:142,1
DA:143,0
DA:144,0
DA:146,1
DA:147,1
DA:149,0
DA:156,1
DA:157,1
DA:159,1
DA:161,1
DA:164,0
DA:171,1
DA:172,3
DA:173,3
DA:175,3
DA:176,3
DA:177,1
DA:178,1
DA:181,2
DA:183,0
DA:187,1
DA:188,1
DA:190,1
DA:191,1
DA:192,1
DA:193,1
DA:194,1
DA:196,1
DA:198,19
DA:200,19
DA:201,19
DA:202,10
DA:203,10
DA:206,19
DA:207,10
DA:210,1
DA:212,2
DA:214,0
DA:215,0
DA:217,0
DA:218,0
DA:219,0
DA:222,1
DA:224,2
DA:225,0
DA:227,0
DA:229,0
DA:231,0
DA:232,0
DA:233,0
DA:236,19
DA:238,1
DA:239,1
DA:241,0
DA:265,1
DA:266,3
DA:267,3
DA:269,3
DA:270,0
DA:271,0
DA:273,3
DA:274,3
DA:279,3
DA:281,0
DA:286,1
LF:121
LH:93
BRDA:46,0,0,3
BRDA:46,0,1,3
BRDA:46,1,0,6
BRDA:46,1,1,4
BRDA:49,2,0,1
BRDA:49,2,1,2
BRDA:49,3,0,3
BRDA:49,3,1,2
BRDA:51,4,0,1
BRDA:51,4,1,1
BRDA:61,5,0,0
BRDA:61,5,1,3
BRDA:68,6,0,2
BRDA:68,6,1,1
BRDA:92,7,0,3
BRDA:92,7,1,3
BRDA:92,8,0,6
BRDA:92,8,1,4
BRDA:94,9,0,1
BRDA:94,9,1,2
BRDA:94,10,0,3
BRDA:94,10,1,2
BRDA:96,11,0,1
BRDA:96,11,1,1
BRDA:104,12,0,2
BRDA:104,12,1,1
BRDA:133,13,0,0
BRDA:133,13,1,1
BRDA:142,14,0,0
BRDA:142,14,1,1
BRDA:176,15,0,1
BRDA:176,15,1,2
BRDA:198,16,0,0
BRDA:198,16,1,19
BRDA:206,17,0,9
BRDA:206,17,1,10
BRDA:212,18,0,2
BRDA:212,18,1,0
BRDA:212,19,0,2
BRDA:212,19,1,2
BRDA:214,20,0,0
BRDA:214,20,1,0
BRDA:215,21,0,0
BRDA:215,21,1,0
BRDA:217,22,0,0
BRDA:217,22,1,0
BRDA:217,23,0,0
BRDA:217,23,1,0
BRDA:218,24,0,0
BRDA:218,24,1,0
BRDA:218,25,0,0
BRDA:218,25,1,0
BRDA:224,26,0,2
BRDA:224,26,1,0
BRDA:227,27,0,0
BRDA:227,27,1,0
BRDA:232,28,0,0
BRDA:232,28,1,0
BRDA:236,29,0,19
BRDA:236,29,1,2
BRDA:236,29,2,2
BRDA:269,30,0,0
BRDA:269,30,1,3
BRF:63
BRH:40
end_of_record
TN:
SF:utils\auth.js
FN:26,(anonymous_0)
FN:41,(anonymous_1)
FNF:2
FNH:2
FNDA:7,(anonymous_0)
FNDA:5,(anonymous_1)
DA:6,1
DA:9,1
DA:16,1
DA:24,1
DA:26,1
DA:27,7
DA:28,7
DA:29,6
DA:30,6
DA:32,1
DA:41,1
DA:42,5
DA:44,5
DA:45,3
DA:47,3
DA:48,3
DA:49,1
DA:51,2
DA:54,2
DA:55,2
DA:67,1
LF:21
LH:21
BRDA:48,0,0,1
BRDA:48,0,1,2
BRF:2
BRH:2
end_of_record
