{"C:\\Users\\ge010\\OneDrive\\Documents\\GitHub\\group-project-team-15\\my-app\\src\\App.js": {"path":"C:\\Users\\ge010\\OneDrive\\Documents\\GitHub\\group-project-team-15\\my-app\\src\\App.js","statementMap":{"0":{"start":{"line":17,"column":2},"end":{"line":36,"column":4}}},"fnMap":{"0":{"name":"App","decl":{"start":{"line":15,"column":9},"end":{"line":15,"column":12}},"loc":{"start":{"line":15,"column":15},"end":{"line":37,"column":1}},"line":15}},"branchMap":{},"s":{"0":0},"f":{"0":0},"b":{}}
,"C:\\Users\\ge010\\OneDrive\\Documents\\GitHub\\group-project-team-15\\my-app\\src\\index.js": {"path":"C:\\Users\\ge010\\OneDrive\\Documents\\GitHub\\group-project-team-15\\my-app\\src\\index.js","statementMap":{"0":{"start":{"line":8,"column":13},"end":{"line":8,"column":56}},"1":{"start":{"line":9,"column":0},"end":{"line":13,"column":2}}},"fnMap":{},"branchMap":{},"s":{"0":0,"1":0},"f":{},"b":{}}
,"C:\\Users\\ge010\\OneDrive\\Documents\\GitHub\\group-project-team-15\\my-app\\src\\reportWebVitals.js": {"path":"C:\\Users\\ge010\\OneDrive\\Documents\\GitHub\\group-project-team-15\\my-app\\src\\reportWebVitals.js","statementMap":{"0":{"start":{"line":1,"column":24},"end":{"line":11,"column":1}},"1":{"start":{"line":2,"column":2},"end":{"line":10,"column":3}},"2":{"start":{"line":3,"column":4},"end":{"line":9,"column":7}},"3":{"start":{"line":4,"column":6},"end":{"line":4,"column":26}},"4":{"start":{"line":5,"column":6},"end":{"line":5,"column":26}},"5":{"start":{"line":6,"column":6},"end":{"line":6,"column":26}},"6":{"start":{"line":7,"column":6},"end":{"line":7,"column":26}},"7":{"start":{"line":8,"column":6},"end":{"line":8,"column":27}}},"fnMap":{"0":{"name":"(anonymous_0)","decl":{"start":{"line":1,"column":24},"end":{"line":1,"column":25}},"loc":{"start":{"line":1,"column":39},"end":{"line":11,"column":1}},"line":1},"1":{"name":"(anonymous_1)","decl":{"start":{"line":3,"column":30},"end":{"line":3,"column":31}},"loc":{"start":{"line":3,"column":79},"end":{"line":9,"column":5}},"line":3}},"branchMap":{"0":{"loc":{"start":{"line":2,"column":2},"end":{"line":10,"column":3}},"type":"if","locations":[{"start":{"line":2,"column":2},"end":{"line":10,"column":3}},{"start":{},"end":{}}],"line":2},"1":{"loc":{"start":{"line":2,"column":6},"end":{"line":2,"column":52}},"type":"binary-expr","locations":[{"start":{"line":2,"column":6},"end":{"line":2,"column":17}},{"start":{"line":2,"column":21},"end":{"line":2,"column":52}}],"line":2}},"s":{"0":0,"1":0,"2":0,"3":0,"4":0,"5":0,"6":0,"7":0},"f":{"0":0,"1":0},"b":{"0":[0,0],"1":[0,0]}}
,"C:\\Users\\ge010\\OneDrive\\Documents\\GitHub\\group-project-team-15\\my-app\\src\\api\\login.js": {"path":"C:\\Users\\ge010\\OneDrive\\Documents\\GitHub\\group-project-team-15\\my-app\\src\\api\\login.js","statementMap":{"0":{"start":{"line":3,"column":25},"end":{"line":26,"column":1}},"1":{"start":{"line":5,"column":4},"end":{"line":25,"column":5}},"2":{"start":{"line":6,"column":25},"end":{"line":9,"column":10}},"3":{"start":{"line":11,"column":8},"end":{"line":11,"column":65}},"4":{"start":{"line":12,"column":8},"end":{"line":12,"column":45}},"5":{"start":{"line":14,"column":8},"end":{"line":14,"column":42}},"6":{"start":{"line":16,"column":8},"end":{"line":19,"column":10}},"7":{"start":{"line":21,"column":8},"end":{"line":24,"column":10}}},"fnMap":{"0":{"name":"(anonymous_0)","decl":{"start":{"line":3,"column":25},"end":{"line":3,"column":26}},"loc":{"start":{"line":3,"column":52},"end":{"line":26,"column":1}},"line":3}},"branchMap":{},"s":{"0":0,"1":0,"2":0,"3":0,"4":0,"5":0,"6":0,"7":0},"f":{"0":0},"b":{}}
,"C:\\Users\\ge010\\OneDrive\\Documents\\GitHub\\group-project-team-15\\my-app\\src\\api\\marketplace.js": {"path":"C:\\Users\\ge010\\OneDrive\\Documents\\GitHub\\group-project-team-15\\my-app\\src\\api\\marketplace.js","statementMap":{"0":{"start":{"line":3,"column":34},"end":{"line":11,"column":1}},"1":{"start":{"line":4,"column":4},"end":{"line":10,"column":5}},"2":{"start":{"line":5,"column":25},"end":{"line":5,"column":112}},"3":{"start":{"line":6,"column":8},"end":{"line":6,"column":42}},"4":{"start":{"line":8,"column":8},"end":{"line":8,"column":61}},"5":{"start":{"line":9,"column":8},"end":{"line":9,"column":18}}},"fnMap":{"0":{"name":"(anonymous_0)","decl":{"start":{"line":3,"column":34},"end":{"line":3,"column":35}},"loc":{"start":{"line":3,"column":56},"end":{"line":11,"column":1}},"line":3}},"branchMap":{"0":{"loc":{"start":{"line":6,"column":16},"end":{"line":6,"column":40}},"type":"binary-expr","locations":[{"start":{"line":6,"column":16},"end":{"line":6,"column":34}},{"start":{"line":6,"column":38},"end":{"line":6,"column":40}}],"line":6}},"s":{"0":0,"1":0,"2":0,"3":0,"4":0,"5":0},"f":{"0":0},"b":{"0":[0,0]}}
,"C:\\Users\\ge010\\OneDrive\\Documents\\GitHub\\group-project-team-15\\my-app\\src\\api\\register.js": {"path":"C:\\Users\\ge010\\OneDrive\\Documents\\GitHub\\group-project-team-15\\my-app\\src\\api\\register.js","statementMap":{"0":{"start":{"line":3,"column":31},"end":{"line":21,"column":1}},"1":{"start":{"line":4,"column":4},"end":{"line":20,"column":5}},"2":{"start":{"line":5,"column":25},"end":{"line":8,"column":10}},"3":{"start":{"line":10,"column":8},"end":{"line":13,"column":10}},"4":{"start":{"line":15,"column":8},"end":{"line":15,"column":29}},"5":{"start":{"line":16,"column":8},"end":{"line":19,"column":10}}},"fnMap":{"0":{"name":"(anonymous_0)","decl":{"start":{"line":3,"column":31},"end":{"line":3,"column":32}},"loc":{"start":{"line":3,"column":68},"end":{"line":21,"column":1}},"line":3}},"branchMap":{},"s":{"0":0,"1":0,"2":0,"3":0,"4":0,"5":0},"f":{"0":0},"b":{}}
,"C:\\Users\\ge010\\OneDrive\\Documents\\GitHub\\group-project-team-15\\my-app\\src\\auth\\AuthContext.js": {"path":"C:\\Users\\ge010\\OneDrive\\Documents\\GitHub\\group-project-team-15\\my-app\\src\\auth\\AuthContext.js","statementMap":{"0":{"start":{"line":6,"column":20},"end":{"line":6,"column":35}},"1":{"start":{"line":8,"column":25},"end":{"line":14,"column":1}},"2":{"start":{"line":16,"column":23},"end":{"line":18,"column":1}},"3":{"start":{"line":17,"column":2},"end":{"line":17,"column":53}},"4":{"start":{"line":20,"column":28},"end":{"line":63,"column":1}},"5":{"start":{"line":21,"column":38},"end":{"line":21,"column":82}},"6":{"start":{"line":22,"column":28},"end":{"line":22,"column":67}},"7":{"start":{"line":23,"column":32},"end":{"line":23,"column":44}},"8":{"start":{"line":24,"column":19},"end":{"line":24,"column":32}},"9":{"start":{"line":27,"column":38},"end":{"line":27,"column":70}},"10":{"start":{"line":29,"column":4},"end":{"line":29,"column":27}},"11":{"start":{"line":30,"column":4},"end":{"line":30,"column":29}},"12":{"start":{"line":32,"column":4},"end":{"line":39,"column":5}},"13":{"start":{"line":33,"column":6},"end":{"line":33,"column":22}},"14":{"start":{"line":34,"column":6},"end":{"line":34,"column":21}},"15":{"start":{"line":35,"column":6},"end":{"line":35,"column":41}},"16":{"start":{"line":36,"column":6},"end":{"line":36,"column":36}},"17":{"start":{"line":38,"column":6},"end":{"line":38,"column":31}},"18":{"start":{"line":42,"column":16},"end":{"line":46,"column":3}},"19":{"start":{"line":45,"column":4},"end":{"line":45,"column":41}},"20":{"start":{"line":48,"column":17},"end":{"line":56,"column":3}},"21":{"start":{"line":50,"column":4},"end":{"line":50,"column":40}},"22":{"start":{"line":51,"column":4},"end":{"line":51,"column":37}},"23":{"start":{"line":52,"column":4},"end":{"line":52,"column":25}},"24":{"start":{"line":53,"column":4},"end":{"line":53,"column":19}},"25":{"start":{"line":55,"column":4},"end":{"line":55,"column":18}},"26":{"start":{"line":58,"column":2},"end":{"line":62,"column":4}}},"fnMap":{"0":{"name":"(anonymous_0)","decl":{"start":{"line":11,"column":9},"end":{"line":11,"column":10}},"loc":{"start":{"line":11,"column":21},"end":{"line":11,"column":23}},"line":11},"1":{"name":"(anonymous_1)","decl":{"start":{"line":12,"column":10},"end":{"line":12,"column":11}},"loc":{"start":{"line":12,"column":22},"end":{"line":12,"column":24}},"line":12},"2":{"name":"(anonymous_2)","decl":{"start":{"line":16,"column":23},"end":{"line":16,"column":24}},"loc":{"start":{"line":16,"column":29},"end":{"line":18,"column":1}},"line":16},"3":{"name":"(anonymous_3)","decl":{"start":{"line":20,"column":28},"end":{"line":20,"column":29}},"loc":{"start":{"line":20,"column":46},"end":{"line":63,"column":1}},"line":20},"4":{"name":"callLogin","decl":{"start":{"line":26,"column":17},"end":{"line":26,"column":26}},"loc":{"start":{"line":26,"column":44},"end":{"line":40,"column":3}},"line":26},"5":{"name":"(anonymous_5)","decl":{"start":{"line":42,"column":16},"end":{"line":42,"column":17}},"loc":{"start":{"line":42,"column":26},"end":{"line":46,"column":3}},"line":42},"6":{"name":"(anonymous_6)","decl":{"start":{"line":48,"column":17},"end":{"line":48,"column":18}},"loc":{"start":{"line":48,"column":29},"end":{"line":56,"column":3}},"line":48}},"branchMap":{"0":{"loc":{"start":{"line":17,"column":9},"end":{"line":17,"column":52}},"type":"binary-expr","locations":[{"start":{"line":17,"column":9},"end":{"line":17,"column":32}},{"start":{"line":17,"column":36},"end":{"line":17,"column":52}}],"line":17},"1":{"loc":{"start":{"line":32,"column":4},"end":{"line":39,"column":5}},"type":"if","locations":[{"start":{"line":32,"column":4},"end":{"line":39,"column":5}},{"start":{"line":37,"column":11},"end":{"line":39,"column":5}}],"line":32}},"s":{"0":1,"1":1,"2":1,"3":18,"4":1,"5":4,"6":4,"7":4,"8":4,"9":2,"10":2,"11":2,"12":2,"13":1,"14":1,"15":1,"16":1,"17":1,"18":4,"19":2,"20":4,"21":0,"22":0,"23":0,"24":0,"25":0,"26":4},"f":{"0":0,"1":0,"2":18,"3":4,"4":2,"5":2,"6":0},"b":{"0":[18,0],"1":[1,1]},"_coverageSchema":"1a1c01bbd47fc00a2c39e90264f33305004495a9","hash":"ba39c20bbc0166f30832d16b50fc1819caa996d0"}
,"C:\\Users\\ge010\\OneDrive\\Documents\\GitHub\\group-project-team-15\\my-app\\src\\components\\ConfigureSkills.js": {"path":"C:\\Users\\ge010\\OneDrive\\Documents\\GitHub\\group-project-team-15\\my-app\\src\\components\\ConfigureSkills.js","statementMap":{"0":{"start":{"line":6,"column":40},"end":{"line":6,"column":62}},"1":{"start":{"line":7,"column":36},"end":{"line":7,"column":51}},"2":{"start":{"line":8,"column":44},"end":{"line":8,"column":56}},"3":{"start":{"line":11,"column":8},"end":{"line":11,"column":46}},"4":{"start":{"line":15,"column":8},"end":{"line":15,"column":73}},"5":{"start":{"line":15,"column":58},"end":{"line":15,"column":70}},"6":{"start":{"line":19,"column":8},"end":{"line":19,"column":86}},"7":{"start":{"line":19,"column":55},"end":{"line":19,"column":83}},"8":{"start":{"line":23,"column":8},"end":{"line":23,"column":27}},"9":{"start":{"line":24,"column":27},"end":{"line":24,"column":76}},"10":{"start":{"line":24,"column":56},"end":{"line":24,"column":68}},"11":{"start":{"line":25,"column":8},"end":{"line":29,"column":9}},"12":{"start":{"line":26,"column":12},"end":{"line":26,"column":61}},"13":{"start":{"line":27,"column":12},"end":{"line":27,"column":30}},"14":{"start":{"line":28,"column":12},"end":{"line":28,"column":19}},"15":{"start":{"line":30,"column":8},"end":{"line":30,"column":28}},"16":{"start":{"line":31,"column":8},"end":{"line":31,"column":39}},"17":{"start":{"line":35,"column":8},"end":{"line":53,"column":10}},"18":{"start":{"line":39,"column":37},"end":{"line":39,"column":72}},"19":{"start":{"line":44,"column":35},"end":{"line":44,"column":50}},"20":{"start":{"line":56,"column":4},"end":{"line":74,"column":6}},"21":{"start":{"line":60,"column":47},"end":{"line":60,"column":66}},"22":{"start":{"line":63,"column":35},"end":{"line":63,"column":66}},"23":{"start":{"line":69,"column":31},"end":{"line":69,"column":45}}},"fnMap":{"0":{"name":"ConfigureSkills","decl":{"start":{"line":5,"column":9},"end":{"line":5,"column":24}},"loc":{"start":{"line":5,"column":32},"end":{"line":75,"column":1}},"line":5},"1":{"name":"addSkill","decl":{"start":{"line":10,"column":13},"end":{"line":10,"column":21}},"loc":{"start":{"line":10,"column":33},"end":{"line":12,"column":5}},"line":10},"2":{"name":"removeSkill","decl":{"start":{"line":14,"column":13},"end":{"line":14,"column":24}},"loc":{"start":{"line":14,"column":29},"end":{"line":16,"column":5}},"line":14},"3":{"name":"(anonymous_3)","decl":{"start":{"line":15,"column":40},"end":{"line":15,"column":41}},"loc":{"start":{"line":15,"column":58},"end":{"line":15,"column":70}},"line":15},"4":{"name":"changeSkillName","decl":{"start":{"line":18,"column":13},"end":{"line":18,"column":28}},"loc":{"start":{"line":18,"column":40},"end":{"line":20,"column":5}},"line":18},"5":{"name":"(anonymous_5)","decl":{"start":{"line":19,"column":37},"end":{"line":19,"column":38}},"loc":{"start":{"line":19,"column":55},"end":{"line":19,"column":83}},"line":19},"6":{"name":"updateSkills","decl":{"start":{"line":22,"column":13},"end":{"line":22,"column":25}},"loc":{"start":{"line":22,"column":28},"end":{"line":32,"column":5}},"line":22},"7":{"name":"(anonymous_7)","decl":{"start":{"line":24,"column":45},"end":{"line":24,"column":46}},"loc":{"start":{"line":24,"column":56},"end":{"line":24,"column":68}},"line":24},"8":{"name":"skillTag","decl":{"start":{"line":34,"column":13},"end":{"line":34,"column":21}},"loc":{"start":{"line":34,"column":33},"end":{"line":54,"column":5}},"line":34},"9":{"name":"(anonymous_9)","decl":{"start":{"line":39,"column":30},"end":{"line":39,"column":31}},"loc":{"start":{"line":39,"column":37},"end":{"line":39,"column":72}},"line":39},"10":{"name":"(anonymous_10)","decl":{"start":{"line":44,"column":29},"end":{"line":44,"column":30}},"loc":{"start":{"line":44,"column":35},"end":{"line":44,"column":50}},"line":44},"11":{"name":"(anonymous_11)","decl":{"start":{"line":60,"column":32},"end":{"line":60,"column":33}},"loc":{"start":{"line":60,"column":47},"end":{"line":60,"column":66}},"line":60},"12":{"name":"(anonymous_12)","decl":{"start":{"line":63,"column":29},"end":{"line":63,"column":30}},"loc":{"start":{"line":63,"column":35},"end":{"line":63,"column":66}},"line":63},"13":{"name":"(anonymous_13)","decl":{"start":{"line":69,"column":25},"end":{"line":69,"column":26}},"loc":{"start":{"line":69,"column":31},"end":{"line":69,"column":45}},"line":69}},"branchMap":{"0":{"loc":{"start":{"line":19,"column":55},"end":{"line":19,"column":83}},"type":"cond-expr","locations":[{"start":{"line":19,"column":70},"end":{"line":19,"column":75}},{"start":{"line":19,"column":78},"end":{"line":19,"column":83}}],"line":19},"1":{"loc":{"start":{"line":25,"column":8},"end":{"line":29,"column":9}},"type":"if","locations":[{"start":{"line":25,"column":8},"end":{"line":29,"column":9}},{"start":{},"end":{}}],"line":25},"2":{"loc":{"start":{"line":66,"column":13},"end":{"line":66,"column":75}},"type":"binary-expr","locations":[{"start":{"line":66,"column":13},"end":{"line":66,"column":21}},{"start":{"line":66,"column":25},"end":{"line":66,"column":75}}],"line":66}},"s":{"0":0,"1":0,"2":0,"3":0,"4":0,"5":0,"6":0,"7":0,"8":0,"9":0,"10":0,"11":0,"12":0,"13":0,"14":0,"15":0,"16":0,"17":0,"18":0,"19":0,"20":0,"21":0,"22":0,"23":0},"f":{"0":0,"1":0,"2":0,"3":0,"4":0,"5":0,"6":0,"7":0,"8":0,"9":0,"10":0,"11":0,"12":0,"13":0},"b":{"0":[0,0],"1":[0,0],"2":[0,0]}}
,"C:\\Users\\ge010\\OneDrive\\Documents\\GitHub\\group-project-team-15\\my-app\\src\\components\\DisplayArray.js": {"path":"C:\\Users\\ge010\\OneDrive\\Documents\\GitHub\\group-project-team-15\\my-app\\src\\components\\DisplayArray.js","statementMap":{"0":{"start":{"line":7,"column":23},"end":{"line":7,"column":39}},"1":{"start":{"line":8,"column":4},"end":{"line":21,"column":6}},"2":{"start":{"line":12,"column":20},"end":{"line":17,"column":22}}},"fnMap":{"0":{"name":"DisplayArray","decl":{"start":{"line":6,"column":9},"end":{"line":6,"column":21}},"loc":{"start":{"line":6,"column":29},"end":{"line":22,"column":1}},"line":6},"1":{"name":"(anonymous_1)","decl":{"start":{"line":11,"column":59},"end":{"line":11,"column":60}},"loc":{"start":{"line":11,"column":70},"end":{"line":18,"column":17}},"line":11}},"branchMap":{"0":{"loc":{"start":{"line":11,"column":17},"end":{"line":18,"column":18}},"type":"binary-expr","locations":[{"start":{"line":11,"column":17},"end":{"line":11,"column":40}},{"start":{"line":11,"column":44},"end":{"line":18,"column":18}}],"line":11}},"s":{"0":0,"1":0,"2":0},"f":{"0":0,"1":0},"b":{"0":[0,0]}}
,"C:\\Users\\ge010\\OneDrive\\Documents\\GitHub\\group-project-team-15\\my-app\\src\\components\\EditSkills.js": {"path":"C:\\Users\\ge010\\OneDrive\\Documents\\GitHub\\group-project-team-15\\my-app\\src\\components\\EditSkills.js","statementMap":{"0":{"start":{"line":6,"column":20},"end":{"line":6,"column":35}},"1":{"start":{"line":7,"column":46},"end":{"line":7,"column":61}},"2":{"start":{"line":9,"column":4},"end":{"line":30,"column":6}},"3":{"start":{"line":15,"column":24},"end":{"line":15,"column":57}}},"fnMap":{"0":{"name":"EditSkills","decl":{"start":{"line":5,"column":9},"end":{"line":5,"column":19}},"loc":{"start":{"line":5,"column":27},"end":{"line":31,"column":1}},"line":5},"1":{"name":"(anonymous_1)","decl":{"start":{"line":14,"column":29},"end":{"line":14,"column":30}},"loc":{"start":{"line":14,"column":35},"end":{"line":16,"column":21}},"line":14}},"branchMap":{"0":{"loc":{"start":{"line":11,"column":13},"end":{"line":22,"column":13}},"type":"binary-expr","locations":[{"start":{"line":11,"column":13},"end":{"line":11,"column":20}},{"start":{"line":12,"column":16},"end":{"line":21,"column":25}}],"line":11},"1":{"loc":{"start":{"line":23,"column":13},"end":{"line":28,"column":13}},"type":"binary-expr","locations":[{"start":{"line":23,"column":13},"end":{"line":23,"column":26}},{"start":{"line":24,"column":16},"end":{"line":27,"column":18}}],"line":23}},"s":{"0":0,"1":0,"2":0,"3":0},"f":{"0":0,"1":0},"b":{"0":[0,0],"1":[0,0]}}
,"C:\\Users\\ge010\\OneDrive\\Documents\\GitHub\\group-project-team-15\\my-app\\src\\components\\NavBar.js": {"path":"C:\\Users\\ge010\\OneDrive\\Documents\\GitHub\\group-project-team-15\\my-app\\src\\components\\NavBar.js","statementMap":{"0":{"start":{"line":24,"column":33},"end":{"line":24,"column":42}},"1":{"start":{"line":25,"column":19},"end":{"line":25,"column":32}},"2":{"start":{"line":27,"column":26},"end":{"line":27,"column":47}},"3":{"start":{"line":29,"column":23},"end":{"line":31,"column":3}},"4":{"start":{"line":29,"column":36},"end":{"line":31,"column":3}},"5":{"start":{"line":30,"column":4},"end":{"line":30,"column":21}},"6":{"start":{"line":33,"column":20},"end":{"line":36,"column":3}},"7":{"start":{"line":39,"column":4},"end":{"line":56,"column":10}},"8":{"start":{"line":46,"column":10},"end":{"line":53,"column":21}},"9":{"start":{"line":46,"column":61},"end":{"line":46,"column":75}},"10":{"start":{"line":59,"column":2},"end":{"line":90,"column":4}},"11":{"start":{"line":75,"column":29},"end":{"line":75,"column":42}},"12":{"start":{"line":82,"column":51},"end":{"line":82,"column":64}},"13":{"start":{"line":93,"column":19},"end":{"line":102,"column":1}},"14":{"start":{"line":94,"column":2},"end":{"line":101,"column":4}}},"fnMap":{"0":{"name":"NavBar","decl":{"start":{"line":22,"column":16},"end":{"line":22,"column":22}},"loc":{"start":{"line":22,"column":25},"end":{"line":91,"column":1}},"line":22},"1":{"name":"(anonymous_1)","decl":{"start":{"line":29,"column":23},"end":{"line":29,"column":24}},"loc":{"start":{"line":29,"column":36},"end":{"line":31,"column":3}},"line":29},"2":{"name":"(anonymous_2)","decl":{"start":{"line":29,"column":36},"end":{"line":29,"column":37}},"loc":{"start":{"line":29,"column":42},"end":{"line":31,"column":3}},"line":29},"3":{"name":"(anonymous_3)","decl":{"start":{"line":45,"column":23},"end":{"line":45,"column":24}},"loc":{"start":{"line":46,"column":10},"end":{"line":53,"column":21}},"line":46},"4":{"name":"(anonymous_4)","decl":{"start":{"line":46,"column":55},"end":{"line":46,"column":56}},"loc":{"start":{"line":46,"column":61},"end":{"line":46,"column":75}},"line":46},"5":{"name":"(anonymous_5)","decl":{"start":{"line":75,"column":23},"end":{"line":75,"column":24}},"loc":{"start":{"line":75,"column":29},"end":{"line":75,"column":42}},"line":75},"6":{"name":"(anonymous_6)","decl":{"start":{"line":82,"column":45},"end":{"line":82,"column":46}},"loc":{"start":{"line":82,"column":51},"end":{"line":82,"column":64}},"line":82},"7":{"name":"(anonymous_7)","decl":{"start":{"line":93,"column":19},"end":{"line":93,"column":20}},"loc":{"start":{"line":93,"column":25},"end":{"line":102,"column":1}},"line":93}},"branchMap":{"0":{"loc":{"start":{"line":79,"column":11},"end":{"line":83,"column":11}},"type":"cond-expr","locations":[{"start":{"line":80,"column":12},"end":{"line":80,"column":85}},{"start":{"line":82,"column":12},"end":{"line":82,"column":97}}],"line":79}},"s":{"0":0,"1":0,"2":0,"3":0,"4":0,"5":0,"6":0,"7":0,"8":0,"9":0,"10":0,"11":0,"12":0,"13":0,"14":0},"f":{"0":0,"1":0,"2":0,"3":0,"4":0,"5":0,"6":0,"7":0},"b":{"0":[0,0]}}
,"C:\\Users\\ge010\\OneDrive\\Documents\\GitHub\\group-project-team-15\\my-app\\src\\pages\\Login.js": {"path":"C:\\Users\\ge010\\OneDrive\\Documents\\GitHub\\group-project-team-15\\my-app\\src\\pages\\Login.js","statementMap":{"0":{"start":{"line":18,"column":38},"end":{"line":18,"column":50}},"1":{"start":{"line":19,"column":44},"end":{"line":19,"column":56}},"2":{"start":{"line":20,"column":42},"end":{"line":20,"column":54}},"3":{"start":{"line":22,"column":48},"end":{"line":22,"column":57}},"4":{"start":{"line":23,"column":19},"end":{"line":23,"column":32}},"5":{"start":{"line":25,"column":28},"end":{"line":32,"column":3}},"6":{"start":{"line":26,"column":28},"end":{"line":26,"column":40}},"7":{"start":{"line":27,"column":4},"end":{"line":31,"column":5}},"8":{"start":{"line":28,"column":6},"end":{"line":28,"column":27}},"9":{"start":{"line":29,"column":11},"end":{"line":31,"column":5}},"10":{"start":{"line":30,"column":6},"end":{"line":30,"column":30}},"11":{"start":{"line":34,"column":23},"end":{"line":42,"column":3}},"12":{"start":{"line":35,"column":4},"end":{"line":35,"column":27}},"13":{"start":{"line":37,"column":4},"end":{"line":37,"column":62}},"14":{"start":{"line":39,"column":16},"end":{"line":39,"column":69}},"15":{"start":{"line":40,"column":4},"end":{"line":40,"column":29}},"16":{"start":{"line":41,"column":4},"end":{"line":41,"column":25}},"17":{"start":{"line":44,"column":2},"end":{"line":107,"column":4}},"18":{"start":{"line":94,"column":49},"end":{"line":94,"column":70}}},"fnMap":{"0":{"name":"Login","decl":{"start":{"line":17,"column":9},"end":{"line":17,"column":14}},"loc":{"start":{"line":17,"column":17},"end":{"line":108,"column":1}},"line":17},"1":{"name":"(anonymous_1)","decl":{"start":{"line":25,"column":28},"end":{"line":25,"column":29}},"loc":{"start":{"line":25,"column":39},"end":{"line":32,"column":3}},"line":25},"2":{"name":"(anonymous_2)","decl":{"start":{"line":34,"column":23},"end":{"line":34,"column":24}},"loc":{"start":{"line":34,"column":34},"end":{"line":42,"column":3}},"line":34},"3":{"name":"(anonymous_3)","decl":{"start":{"line":94,"column":43},"end":{"line":94,"column":44}},"loc":{"start":{"line":94,"column":49},"end":{"line":94,"column":70}},"line":94}},"branchMap":{"0":{"loc":{"start":{"line":27,"column":4},"end":{"line":31,"column":5}},"type":"if","locations":[{"start":{"line":27,"column":4},"end":{"line":31,"column":5}},{"start":{"line":29,"column":11},"end":{"line":31,"column":5}}],"line":27},"1":{"loc":{"start":{"line":29,"column":11},"end":{"line":31,"column":5}},"type":"if","locations":[{"start":{"line":29,"column":11},"end":{"line":31,"column":5}},{"start":{},"end":{}}],"line":29},"2":{"loc":{"start":{"line":44,"column":9},"end":{"line":107,"column":3}},"type":"cond-expr","locations":[{"start":{"line":44,"column":22},"end":{"line":44,"column":59}},{"start":{"line":45,"column":4},"end":{"line":106,"column":7}}],"line":44}},"s":{"0":18,"1":18,"2":18,"3":18,"4":18,"5":18,"6":12,"7":12,"8":8,"9":4,"10":4,"11":18,"12":2,"13":2,"14":2,"15":2,"16":2,"17":18,"18":1},"f":{"0":18,"1":12,"2":2,"3":1},"b":{"0":[8,4],"1":[4,0],"2":[0,18]},"_coverageSchema":"1a1c01bbd47fc00a2c39e90264f33305004495a9","hash":"88c1cf7eea4dc4e82a7379ff1349560e05bd67e2"}
,"C:\\Users\\ge010\\OneDrive\\Documents\\GitHub\\group-project-team-15\\my-app\\src\\pages\\Marketplace.js": {"path":"C:\\Users\\ge010\\OneDrive\\Documents\\GitHub\\group-project-team-15\\my-app\\src\\pages\\Marketplace.js","statementMap":{"0":{"start":{"line":11,"column":20},"end":{"line":84,"column":1}},"1":{"start":{"line":12,"column":40},"end":{"line":12,"column":52}},"2":{"start":{"line":13,"column":46},"end":{"line":13,"column":58}},"3":{"start":{"line":15,"column":24},"end":{"line":20,"column":5}},"4":{"start":{"line":16,"column":8},"end":{"line":19,"column":9}},"5":{"start":{"line":17,"column":29},"end":{"line":17,"column":72}},"6":{"start":{"line":18,"column":12},"end":{"line":18,"column":39}},"7":{"start":{"line":22,"column":27},"end":{"line":26,"column":5}},"8":{"start":{"line":23,"column":8},"end":{"line":25,"column":9}},"9":{"start":{"line":24,"column":12},"end":{"line":24,"column":26}},"10":{"start":{"line":28,"column":31},"end":{"line":31,"column":5}},"11":{"start":{"line":29,"column":8},"end":{"line":29,"column":38}},"12":{"start":{"line":30,"column":8},"end":{"line":30,"column":22}},"13":{"start":{"line":39,"column":4},"end":{"line":83,"column":5}},"14":{"start":{"line":62,"column":28},"end":{"line":77,"column":34}}},"fnMap":{"0":{"name":"(anonymous_0)","decl":{"start":{"line":11,"column":20},"end":{"line":11,"column":21}},"loc":{"start":{"line":11,"column":26},"end":{"line":84,"column":1}},"line":11},"1":{"name":"(anonymous_1)","decl":{"start":{"line":15,"column":24},"end":{"line":15,"column":25}},"loc":{"start":{"line":15,"column":36},"end":{"line":20,"column":5}},"line":15},"2":{"name":"(anonymous_2)","decl":{"start":{"line":22,"column":27},"end":{"line":22,"column":28}},"loc":{"start":{"line":22,"column":34},"end":{"line":26,"column":5}},"line":22},"3":{"name":"(anonymous_3)","decl":{"start":{"line":28,"column":31},"end":{"line":28,"column":32}},"loc":{"start":{"line":28,"column":38},"end":{"line":31,"column":5}},"line":28},"4":{"name":"(anonymous_4)","decl":{"start":{"line":61,"column":43},"end":{"line":61,"column":44}},"loc":{"start":{"line":62,"column":28},"end":{"line":77,"column":34}},"line":62}},"branchMap":{"0":{"loc":{"start":{"line":16,"column":8},"end":{"line":19,"column":9}},"type":"if","locations":[{"start":{"line":16,"column":8},"end":{"line":19,"column":9}},{"start":{},"end":{}}],"line":16},"1":{"loc":{"start":{"line":23,"column":8},"end":{"line":25,"column":9}},"type":"if","locations":[{"start":{"line":23,"column":8},"end":{"line":25,"column":9}},{"start":{},"end":{}}],"line":23}},"s":{"0":0,"1":0,"2":0,"3":0,"4":0,"5":0,"6":0,"7":0,"8":0,"9":0,"10":0,"11":0,"12":0,"13":0,"14":0},"f":{"0":0,"1":0,"2":0,"3":0,"4":0},"b":{"0":[0,0],"1":[0,0]}}
,"C:\\Users\\ge010\\OneDrive\\Documents\\GitHub\\group-project-team-15\\my-app\\src\\pages\\Profile.js": {"path":"C:\\Users\\ge010\\OneDrive\\Documents\\GitHub\\group-project-team-15\\my-app\\src\\pages\\Profile.js","statementMap":{"0":{"start":{"line":16,"column":20},"end":{"line":16,"column":29}},"1":{"start":{"line":18,"column":17},"end":{"line":18,"column":28}},"2":{"start":{"line":19,"column":34},"end":{"line":19,"column":48}},"3":{"start":{"line":21,"column":42},"end":{"line":21,"column":54}},"4":{"start":{"line":22,"column":32},"end":{"line":22,"column":47}},"5":{"start":{"line":24,"column":2},"end":{"line":39,"column":18}},"6":{"start":{"line":25,"column":4},"end":{"line":25,"column":28}},"7":{"start":{"line":27,"column":22},"end":{"line":36,"column":5}},"8":{"start":{"line":28,"column":6},"end":{"line":35,"column":7}},"9":{"start":{"line":29,"column":25},"end":{"line":29,"column":77}},"10":{"start":{"line":30,"column":21},"end":{"line":30,"column":39}},"11":{"start":{"line":31,"column":8},"end":{"line":31,"column":26}},"12":{"start":{"line":32,"column":8},"end":{"line":32,"column":41}},"13":{"start":{"line":34,"column":8},"end":{"line":34,"column":27}},"14":{"start":{"line":38,"column":4},"end":{"line":38,"column":18}},"15":{"start":{"line":41,"column":2},"end":{"line":43,"column":3}},"16":{"start":{"line":42,"column":4},"end":{"line":42,"column":37}},"17":{"start":{"line":46,"column":4},"end":{"line":61,"column":5}},"18":{"start":{"line":47,"column":23},"end":{"line":55,"column":8}},"19":{"start":{"line":56,"column":6},"end":{"line":56,"column":28}},"20":{"start":{"line":57,"column":6},"end":{"line":57,"column":26}},"21":{"start":{"line":59,"column":6},"end":{"line":59,"column":25}},"22":{"start":{"line":60,"column":6},"end":{"line":60,"column":65}},"23":{"start":{"line":65,"column":4},"end":{"line":65,"column":49}},"24":{"start":{"line":67,"column":4},"end":{"line":67,"column":36}},"25":{"start":{"line":71,"column":4},"end":{"line":71,"column":56}},"26":{"start":{"line":73,"column":4},"end":{"line":73,"column":41}},"27":{"start":{"line":77,"column":4},"end":{"line":102,"column":5}},"28":{"start":{"line":105,"column":2},"end":{"line":113,"column":4}}},"fnMap":{"0":{"name":"Profile","decl":{"start":{"line":15,"column":9},"end":{"line":15,"column":16}},"loc":{"start":{"line":15,"column":19},"end":{"line":114,"column":1}},"line":15},"1":{"name":"(anonymous_1)","decl":{"start":{"line":24,"column":12},"end":{"line":24,"column":13}},"loc":{"start":{"line":24,"column":18},"end":{"line":39,"column":3}},"line":24},"2":{"name":"(anonymous_2)","decl":{"start":{"line":27,"column":22},"end":{"line":27,"column":23}},"loc":{"start":{"line":27,"column":36},"end":{"line":36,"column":5}},"line":27},"3":{"name":"updateProfile","decl":{"start":{"line":45,"column":17},"end":{"line":45,"column":30}},"loc":{"start":{"line":45,"column":43},"end":{"line":62,"column":3}},"line":45},"4":{"name":"updateSkills","decl":{"start":{"line":64,"column":11},"end":{"line":64,"column":23}},"loc":{"start":{"line":64,"column":32},"end":{"line":68,"column":3}},"line":64},"5":{"name":"updateLookingFor","decl":{"start":{"line":70,"column":11},"end":{"line":70,"column":27}},"loc":{"start":{"line":70,"column":36},"end":{"line":74,"column":3}},"line":70},"6":{"name":"UserInformation","decl":{"start":{"line":76,"column":11},"end":{"line":76,"column":26}},"loc":{"start":{"line":76,"column":29},"end":{"line":103,"column":3}},"line":76}},"branchMap":{"0":{"loc":{"start":{"line":41,"column":2},"end":{"line":43,"column":3}},"type":"if","locations":[{"start":{"line":41,"column":2},"end":{"line":43,"column":3}},{"start":{},"end":{}}],"line":41}},"s":{"0":0,"1":0,"2":0,"3":0,"4":0,"5":0,"6":0,"7":0,"8":0,"9":0,"10":0,"11":0,"12":0,"13":0,"14":0,"15":0,"16":0,"17":0,"18":0,"19":0,"20":0,"21":0,"22":0,"23":0,"24":0,"25":0,"26":0,"27":0,"28":0},"f":{"0":0,"1":0,"2":0,"3":0,"4":0,"5":0,"6":0},"b":{"0":[0,0]}}
,"C:\\Users\\ge010\\OneDrive\\Documents\\GitHub\\group-project-team-15\\my-app\\src\\pages\\Register.js": {"path":"C:\\Users\\ge010\\OneDrive\\Documents\\GitHub\\group-project-team-15\\my-app\\src\\pages\\Register.js","statementMap":{"0":{"start":{"line":21,"column":38},"end":{"line":21,"column":50}},"1":{"start":{"line":22,"column":44},"end":{"line":22,"column":56}},"2":{"start":{"line":23,"column":58},"end":{"line":23,"column":70}},"3":{"start":{"line":24,"column":42},"end":{"line":24,"column":54}},"4":{"start":{"line":25,"column":32},"end":{"line":25,"column":47}},"5":{"start":{"line":27,"column":19},"end":{"line":27,"column":32}},"6":{"start":{"line":29,"column":28},"end":{"line":38,"column":3}},"7":{"start":{"line":30,"column":28},"end":{"line":30,"column":40}},"8":{"start":{"line":31,"column":4},"end":{"line":37,"column":5}},"9":{"start":{"line":32,"column":6},"end":{"line":32,"column":27}},"10":{"start":{"line":33,"column":11},"end":{"line":37,"column":5}},"11":{"start":{"line":34,"column":6},"end":{"line":34,"column":30}},"12":{"start":{"line":35,"column":11},"end":{"line":37,"column":5}},"13":{"start":{"line":36,"column":6},"end":{"line":36,"column":37}},"14":{"start":{"line":41,"column":38},"end":{"line":41,"column":86}},"15":{"start":{"line":42,"column":4},"end":{"line":42,"column":24}},"16":{"start":{"line":43,"column":4},"end":{"line":43,"column":34}},"17":{"start":{"line":44,"column":4},"end":{"line":46,"column":5}},"18":{"start":{"line":45,"column":6},"end":{"line":45,"column":49}},"19":{"start":{"line":45,"column":23},"end":{"line":45,"column":41}},"20":{"start":{"line":49,"column":23},"end":{"line":60,"column":3}},"21":{"start":{"line":50,"column":4},"end":{"line":50,"column":27}},"22":{"start":{"line":52,"column":4},"end":{"line":52,"column":63}},"23":{"start":{"line":54,"column":4},"end":{"line":57,"column":5}},"24":{"start":{"line":55,"column":6},"end":{"line":55,"column":53}},"25":{"start":{"line":56,"column":6},"end":{"line":56,"column":13}},"26":{"start":{"line":59,"column":4},"end":{"line":59,"column":20}},"27":{"start":{"line":62,"column":2},"end":{"line":158,"column":4}},"28":{"start":{"line":80,"column":18},"end":{"line":80,"column":36}}},"fnMap":{"0":{"name":"Register","decl":{"start":{"line":20,"column":9},"end":{"line":20,"column":17}},"loc":{"start":{"line":20,"column":20},"end":{"line":159,"column":1}},"line":20},"1":{"name":"(anonymous_1)","decl":{"start":{"line":29,"column":28},"end":{"line":29,"column":29}},"loc":{"start":{"line":29,"column":39},"end":{"line":38,"column":3}},"line":29},"2":{"name":"registerEvent","decl":{"start":{"line":40,"column":17},"end":{"line":40,"column":30}},"loc":{"start":{"line":40,"column":33},"end":{"line":47,"column":3}},"line":40},"3":{"name":"(anonymous_3)","decl":{"start":{"line":45,"column":17},"end":{"line":45,"column":18}},"loc":{"start":{"line":45,"column":23},"end":{"line":45,"column":41}},"line":45},"4":{"name":"(anonymous_4)","decl":{"start":{"line":49,"column":23},"end":{"line":49,"column":24}},"loc":{"start":{"line":49,"column":34},"end":{"line":60,"column":3}},"line":49},"5":{"name":"(anonymous_5)","decl":{"start":{"line":79,"column":25},"end":{"line":79,"column":26}},"loc":{"start":{"line":79,"column":31},"end":{"line":81,"column":17}},"line":79}},"branchMap":{"0":{"loc":{"start":{"line":31,"column":4},"end":{"line":37,"column":5}},"type":"if","locations":[{"start":{"line":31,"column":4},"end":{"line":37,"column":5}},{"start":{"line":33,"column":11},"end":{"line":37,"column":5}}],"line":31},"1":{"loc":{"start":{"line":33,"column":11},"end":{"line":37,"column":5}},"type":"if","locations":[{"start":{"line":33,"column":11},"end":{"line":37,"column":5}},{"start":{"line":35,"column":11},"end":{"line":37,"column":5}}],"line":33},"2":{"loc":{"start":{"line":35,"column":11},"end":{"line":37,"column":5}},"type":"if","locations":[{"start":{"line":35,"column":11},"end":{"line":37,"column":5}},{"start":{},"end":{}}],"line":35},"3":{"loc":{"start":{"line":44,"column":4},"end":{"line":46,"column":5}},"type":"if","locations":[{"start":{"line":44,"column":4},"end":{"line":46,"column":5}},{"start":{},"end":{}}],"line":44},"4":{"loc":{"start":{"line":54,"column":4},"end":{"line":57,"column":5}},"type":"if","locations":[{"start":{"line":54,"column":4},"end":{"line":57,"column":5}},{"start":{},"end":{}}],"line":54}},"s":{"0":0,"1":0,"2":0,"3":0,"4":0,"5":0,"6":0,"7":0,"8":0,"9":0,"10":0,"11":0,"12":0,"13":0,"14":0,"15":0,"16":0,"17":0,"18":0,"19":0,"20":0,"21":0,"22":0,"23":0,"24":0,"25":0,"26":0,"27":0,"28":0},"f":{"0":0,"1":0,"2":0,"3":0,"4":0,"5":0},"b":{"0":[0,0],"1":[0,0],"2":[0,0],"3":[0,0],"4":[0,0]}}
,"C:\\Users\\ge010\\OneDrive\\Documents\\GitHub\\group-project-team-15\\my-app\\src\\resources\\theme.js": {"path":"C:\\Users\\ge010\\OneDrive\\Documents\\GitHub\\group-project-team-15\\my-app\\src\\resources\\theme.js","statementMap":{"0":{"start":{"line":3,"column":14},"end":{"line":21,"column":2}}},"fnMap":{},"branchMap":{},"s":{"0":0},"f":{},"b":{}}
}
