{"C:\\Users\\ge010\\OneDrive\\Documents\\GitHub\\group-project-team-15\\my-app\\src\\App.js": {"path":"C:\\Users\\ge010\\OneDrive\\Documents\\GitHub\\group-project-team-15\\my-app\\src\\App.js","statementMap":{"0":{"start":{"line":17,"column":2},"end":{"line":36,"column":4}}},"fnMap":{"0":{"name":"App","decl":{"start":{"line":15,"column":9},"end":{"line":15,"column":12}},"loc":{"start":{"line":15,"column":15},"end":{"line":37,"column":1}},"line":15}},"branchMap":{},"s":{"0":0},"f":{"0":0},"b":{}}
,"C:\\Users\\ge010\\OneDrive\\Documents\\GitHub\\group-project-team-15\\my-app\\src\\index.js": {"path":"C:\\Users\\ge010\\OneDrive\\Documents\\GitHub\\group-project-team-15\\my-app\\src\\index.js","statementMap":{"0":{"start":{"line":8,"column":13},"end":{"line":8,"column":56}},"1":{"start":{"line":9,"column":0},"end":{"line":13,"column":2}}},"fnMap":{},"branchMap":{},"s":{"0":0,"1":0},"f":{},"b":{}}
,"C:\\Users\\ge010\\OneDrive\\Documents\\GitHub\\group-project-team-15\\my-app\\src\\reportWebVitals.js": {"path":"C:\\Users\\ge010\\OneDrive\\Documents\\GitHub\\group-project-team-15\\my-app\\src\\reportWebVitals.js","statementMap":{"0":{"start":{"line":1,"column":24},"end":{"line":11,"column":1}},"1":{"start":{"line":2,"column":2},"end":{"line":10,"column":3}},"2":{"start":{"line":3,"column":4},"end":{"line":9,"column":7}},"3":{"start":{"line":4,"column":6},"end":{"line":4,"column":26}},"4":{"start":{"line":5,"column":6},"end":{"line":5,"column":26}},"5":{"start":{"line":6,"column":6},"end":{"line":6,"column":26}},"6":{"start":{"line":7,"column":6},"end":{"line":7,"column":26}},"7":{"start":{"line":8,"column":6},"end":{"line":8,"column":27}}},"fnMap":{"0":{"name":"(anonymous_0)","decl":{"start":{"line":1,"column":24},"end":{"line":1,"column":25}},"loc":{"start":{"line":1,"column":39},"end":{"line":11,"column":1}},"line":1},"1":{"name":"(anonymous_1)","decl":{"start":{"line":3,"column":30},"end":{"line":3,"column":31}},"loc":{"start":{"line":3,"column":79},"end":{"line":9,"column":5}},"line":3}},"branchMap":{"0":{"loc":{"start":{"line":2,"column":2},"end":{"line":10,"column":3}},"type":"if","locations":[{"start":{"line":2,"column":2},"end":{"line":10,"column":3}},{"start":{},"end":{}}],"line":2},"1":{"loc":{"start":{"line":2,"column":6},"end":{"line":2,"column":52}},"type":"binary-expr","locations":[{"start":{"line":2,"column":6},"end":{"line":2,"column":17}},{"start":{"line":2,"column":21},"end":{"line":2,"column":52}}],"line":2}},"s":{"0":0,"1":0,"2":0,"3":0,"4":0,"5":0,"6":0,"7":0},"f":{"0":0,"1":0},"b":{"0":[0,0],"1":[0,0]}}
,"C:\\Users\\ge010\\OneDrive\\Documents\\GitHub\\group-project-team-15\\my-app\\src\\api\\login.js": {"path":"C:\\Users\\ge010\\OneDrive\\Documents\\GitHub\\group-project-team-15\\my-app\\src\\api\\login.js","statementMap":{"0":{"start":{"line":3,"column":25},"end":{"line":26,"column":1}},"1":{"start":{"line":5,"column":4},"end":{"line":25,"column":5}},"2":{"start":{"line":6,"column":25},"end":{"line":9,"column":10}},"3":{"start":{"line":11,"column":8},"end":{"line":11,"column":65}},"4":{"start":{"line":12,"column":8},"end":{"line":12,"column":45}},"5":{"start":{"line":14,"column":8},"end":{"line":14,"column":42}},"6":{"start":{"line":16,"column":8},"end":{"line":19,"column":10}},"7":{"start":{"line":21,"column":8},"end":{"line":24,"column":10}}},"fnMap":{"0":{"name":"(anonymous_0)","decl":{"start":{"line":3,"column":25},"end":{"line":3,"column":26}},"loc":{"start":{"line":3,"column":52},"end":{"line":26,"column":1}},"line":3}},"branchMap":{},"s":{"0":2,"1":2,"2":2,"3":1,"4":1,"5":1,"6":1,"7":1},"f":{"0":2},"b":{},"_coverageSchema":"1a1c01bbd47fc00a2c39e90264f33305004495a9","hash":"9a8d3c9d92a20ab8391b43ec1b7520a21fd74634"}
,"C:\\Users\\ge010\\OneDrive\\Documents\\GitHub\\group-project-team-15\\my-app\\src\\api\\marketplace.js": {"path":"C:\\Users\\ge010\\OneDrive\\Documents\\GitHub\\group-project-team-15\\my-app\\src\\api\\marketplace.js","statementMap":{"0":{"start":{"line":3,"column":34},"end":{"line":11,"column":1}},"1":{"start":{"line":4,"column":4},"end":{"line":10,"column":5}},"2":{"start":{"line":5,"column":25},"end":{"line":5,"column":112}},"3":{"start":{"line":6,"column":8},"end":{"line":6,"column":36}},"4":{"start":{"line":8,"column":8},"end":{"line":8,"column":61}},"5":{"start":{"line":9,"column":8},"end":{"line":9,"column":18}}},"fnMap":{"0":{"name":"(anonymous_0)","decl":{"start":{"line":3,"column":34},"end":{"line":3,"column":35}},"loc":{"start":{"line":3,"column":56},"end":{"line":11,"column":1}},"line":3}},"branchMap":{},"s":{"0":1,"1":3,"2":3,"3":2,"4":1,"5":1},"f":{"0":3},"b":{},"_coverageSchema":"1a1c01bbd47fc00a2c39e90264f33305004495a9","hash":"5ea3dd5ec26acad62f75f59ab6691a0c916e4e91"}
,"C:\\Users\\ge010\\OneDrive\\Documents\\GitHub\\group-project-team-15\\my-app\\src\\api\\profile.js": {"path":"C:\\Users\\ge010\\OneDrive\\Documents\\GitHub\\group-project-team-15\\my-app\\src\\api\\profile.js","statementMap":{"0":{"start":{"line":3,"column":26},"end":{"line":18,"column":1}},"1":{"start":{"line":4,"column":4},"end":{"line":17,"column":5}},"2":{"start":{"line":5,"column":25},"end":{"line":5,"column":77}},"3":{"start":{"line":6,"column":21},"end":{"line":6,"column":39}},"4":{"start":{"line":7,"column":8},"end":{"line":10,"column":10}},"5":{"start":{"line":12,"column":8},"end":{"line":12,"column":29}},"6":{"start":{"line":13,"column":8},"end":{"line":16,"column":10}},"7":{"start":{"line":20,"column":29},"end":{"line":43,"column":1}},"8":{"start":{"line":21,"column":4},"end":{"line":42,"column":5}},"9":{"start":{"line":22,"column":25},"end":{"line":30,"column":10}},"10":{"start":{"line":31,"column":8},"end":{"line":31,"column":30}},"11":{"start":{"line":32,"column":8},"end":{"line":35,"column":10}},"12":{"start":{"line":37,"column":8},"end":{"line":37,"column":29}},"13":{"start":{"line":38,"column":8},"end":{"line":41,"column":10}}},"fnMap":{"0":{"name":"(anonymous_0)","decl":{"start":{"line":3,"column":26},"end":{"line":3,"column":27}},"loc":{"start":{"line":3,"column":40},"end":{"line":18,"column":1}},"line":3},"1":{"name":"(anonymous_1)","decl":{"start":{"line":20,"column":29},"end":{"line":20,"column":30}},"loc":{"start":{"line":20,"column":55},"end":{"line":43,"column":1}},"line":20}},"branchMap":{},"s":{"0":1,"1":2,"2":2,"3":1,"4":1,"5":1,"6":1,"7":1,"8":2,"9":2,"10":1,"11":1,"12":1,"13":1},"f":{"0":2,"1":2},"b":{},"_coverageSchema":"1a1c01bbd47fc00a2c39e90264f33305004495a9","hash":"ff35d5abb2e9702a43b83788a3809fd2c83f6eb6"}
,"C:\\Users\\ge010\\OneDrive\\Documents\\GitHub\\group-project-team-15\\my-app\\src\\api\\register.js": {"path":"C:\\Users\\ge010\\OneDrive\\Documents\\GitHub\\group-project-team-15\\my-app\\src\\api\\register.js","statementMap":{"0":{"start":{"line":3,"column":31},"end":{"line":21,"column":1}},"1":{"start":{"line":4,"column":4},"end":{"line":20,"column":5}},"2":{"start":{"line":5,"column":25},"end":{"line":8,"column":10}},"3":{"start":{"line":10,"column":8},"end":{"line":13,"column":10}},"4":{"start":{"line":15,"column":8},"end":{"line":15,"column":29}},"5":{"start":{"line":16,"column":8},"end":{"line":19,"column":10}}},"fnMap":{"0":{"name":"(anonymous_0)","decl":{"start":{"line":3,"column":31},"end":{"line":3,"column":32}},"loc":{"start":{"line":3,"column":68},"end":{"line":21,"column":1}},"line":3}},"branchMap":{},"s":{"0":1,"1":2,"2":2,"3":1,"4":1,"5":1},"f":{"0":2},"b":{},"_coverageSchema":"1a1c01bbd47fc00a2c39e90264f33305004495a9","hash":"b149c69f96f061f308562b1d120913146445a98a"}
,"C:\\Users\\ge010\\OneDrive\\Documents\\GitHub\\group-project-team-15\\my-app\\src\\auth\\AuthContext.js": {"path":"C:\\Users\\ge010\\OneDrive\\Documents\\GitHub\\group-project-team-15\\my-app\\src\\auth\\AuthContext.js","statementMap":{"0":{"start":{"line":6,"column":20},"end":{"line":6,"column":35}},"1":{"start":{"line":8,"column":25},"end":{"line":14,"column":1}},"2":{"start":{"line":16,"column":23},"end":{"line":18,"column":1}},"3":{"start":{"line":17,"column":2},"end":{"line":17,"column":53}},"4":{"start":{"line":20,"column":28},"end":{"line":63,"column":1}},"5":{"start":{"line":21,"column":38},"end":{"line":21,"column":82}},"6":{"start":{"line":22,"column":28},"end":{"line":22,"column":67}},"7":{"start":{"line":23,"column":32},"end":{"line":23,"column":44}},"8":{"start":{"line":24,"column":19},"end":{"line":24,"column":32}},"9":{"start":{"line":27,"column":38},"end":{"line":27,"column":70}},"10":{"start":{"line":29,"column":4},"end":{"line":29,"column":27}},"11":{"start":{"line":30,"column":4},"end":{"line":30,"column":29}},"12":{"start":{"line":32,"column":4},"end":{"line":39,"column":5}},"13":{"start":{"line":33,"column":6},"end":{"line":33,"column":22}},"14":{"start":{"line":34,"column":6},"end":{"line":34,"column":21}},"15":{"start":{"line":35,"column":6},"end":{"line":35,"column":41}},"16":{"start":{"line":36,"column":6},"end":{"line":36,"column":36}},"17":{"start":{"line":38,"column":6},"end":{"line":38,"column":31}},"18":{"start":{"line":42,"column":16},"end":{"line":46,"column":3}},"19":{"start":{"line":45,"column":4},"end":{"line":45,"column":41}},"20":{"start":{"line":48,"column":17},"end":{"line":56,"column":3}},"21":{"start":{"line":50,"column":4},"end":{"line":50,"column":40}},"22":{"start":{"line":51,"column":4},"end":{"line":51,"column":37}},"23":{"start":{"line":52,"column":4},"end":{"line":52,"column":25}},"24":{"start":{"line":53,"column":4},"end":{"line":53,"column":19}},"25":{"start":{"line":55,"column":4},"end":{"line":55,"column":18}},"26":{"start":{"line":58,"column":2},"end":{"line":62,"column":4}}},"fnMap":{"0":{"name":"(anonymous_0)","decl":{"start":{"line":11,"column":9},"end":{"line":11,"column":10}},"loc":{"start":{"line":11,"column":21},"end":{"line":11,"column":23}},"line":11},"1":{"name":"(anonymous_1)","decl":{"start":{"line":12,"column":10},"end":{"line":12,"column":11}},"loc":{"start":{"line":12,"column":22},"end":{"line":12,"column":24}},"line":12},"2":{"name":"(anonymous_2)","decl":{"start":{"line":16,"column":23},"end":{"line":16,"column":24}},"loc":{"start":{"line":16,"column":29},"end":{"line":18,"column":1}},"line":16},"3":{"name":"(anonymous_3)","decl":{"start":{"line":20,"column":28},"end":{"line":20,"column":29}},"loc":{"start":{"line":20,"column":46},"end":{"line":63,"column":1}},"line":20},"4":{"name":"callLogin","decl":{"start":{"line":26,"column":17},"end":{"line":26,"column":26}},"loc":{"start":{"line":26,"column":44},"end":{"line":40,"column":3}},"line":26},"5":{"name":"(anonymous_5)","decl":{"start":{"line":42,"column":16},"end":{"line":42,"column":17}},"loc":{"start":{"line":42,"column":26},"end":{"line":46,"column":3}},"line":42},"6":{"name":"(anonymous_6)","decl":{"start":{"line":48,"column":17},"end":{"line":48,"column":18}},"loc":{"start":{"line":48,"column":29},"end":{"line":56,"column":3}},"line":48}},"branchMap":{"0":{"loc":{"start":{"line":17,"column":9},"end":{"line":17,"column":52}},"type":"binary-expr","locations":[{"start":{"line":17,"column":9},"end":{"line":17,"column":32}},{"start":{"line":17,"column":36},"end":{"line":17,"column":52}}],"line":17},"1":{"loc":{"start":{"line":32,"column":4},"end":{"line":39,"column":5}},"type":"if","locations":[{"start":{"line":32,"column":4},"end":{"line":39,"column":5}},{"start":{"line":37,"column":11},"end":{"line":39,"column":5}}],"line":32}},"s":{"0":2,"1":2,"2":2,"3":22,"4":2,"5":11,"6":11,"7":11,"8":11,"9":2,"10":2,"11":2,"12":2,"13":1,"14":1,"15":1,"16":1,"17":1,"18":11,"19":2,"20":11,"21":0,"22":0,"23":0,"24":0,"25":0,"26":11},"f":{"0":0,"1":0,"2":22,"3":11,"4":2,"5":2,"6":0},"b":{"0":[22,0],"1":[1,1]},"_coverageSchema":"1a1c01bbd47fc00a2c39e90264f33305004495a9","hash":"ba39c20bbc0166f30832d16b50fc1819caa996d0"}
,"C:\\Users\\ge010\\OneDrive\\Documents\\GitHub\\group-project-team-15\\my-app\\src\\components\\ConfigureSkills.js": {"path":"C:\\Users\\ge010\\OneDrive\\Documents\\GitHub\\group-project-team-15\\my-app\\src\\components\\ConfigureSkills.js","statementMap":{"0":{"start":{"line":6,"column":40},"end":{"line":6,"column":62}},"1":{"start":{"line":7,"column":36},"end":{"line":7,"column":51}},"2":{"start":{"line":8,"column":44},"end":{"line":8,"column":56}},"3":{"start":{"line":11,"column":8},"end":{"line":11,"column":46}},"4":{"start":{"line":15,"column":8},"end":{"line":15,"column":73}},"5":{"start":{"line":15,"column":58},"end":{"line":15,"column":70}},"6":{"start":{"line":19,"column":8},"end":{"line":19,"column":86}},"7":{"start":{"line":19,"column":55},"end":{"line":19,"column":83}},"8":{"start":{"line":23,"column":8},"end":{"line":23,"column":27}},"9":{"start":{"line":24,"column":27},"end":{"line":24,"column":76}},"10":{"start":{"line":24,"column":56},"end":{"line":24,"column":68}},"11":{"start":{"line":25,"column":8},"end":{"line":29,"column":9}},"12":{"start":{"line":26,"column":12},"end":{"line":26,"column":61}},"13":{"start":{"line":27,"column":12},"end":{"line":27,"column":30}},"14":{"start":{"line":28,"column":12},"end":{"line":28,"column":19}},"15":{"start":{"line":30,"column":8},"end":{"line":30,"column":28}},"16":{"start":{"line":31,"column":8},"end":{"line":31,"column":39}},"17":{"start":{"line":35,"column":8},"end":{"line":55,"column":10}},"18":{"start":{"line":39,"column":37},"end":{"line":39,"column":72}},"19":{"start":{"line":45,"column":35},"end":{"line":45,"column":50}},"20":{"start":{"line":58,"column":4},"end":{"line":77,"column":6}},"21":{"start":{"line":62,"column":47},"end":{"line":62,"column":66}},"22":{"start":{"line":65,"column":35},"end":{"line":65,"column":66}},"23":{"start":{"line":72,"column":31},"end":{"line":72,"column":45}}},"fnMap":{"0":{"name":"ConfigureSkills","decl":{"start":{"line":5,"column":9},"end":{"line":5,"column":24}},"loc":{"start":{"line":5,"column":32},"end":{"line":78,"column":1}},"line":5},"1":{"name":"addSkill","decl":{"start":{"line":10,"column":13},"end":{"line":10,"column":21}},"loc":{"start":{"line":10,"column":33},"end":{"line":12,"column":5}},"line":10},"2":{"name":"removeSkill","decl":{"start":{"line":14,"column":13},"end":{"line":14,"column":24}},"loc":{"start":{"line":14,"column":29},"end":{"line":16,"column":5}},"line":14},"3":{"name":"(anonymous_3)","decl":{"start":{"line":15,"column":40},"end":{"line":15,"column":41}},"loc":{"start":{"line":15,"column":58},"end":{"line":15,"column":70}},"line":15},"4":{"name":"changeSkillName","decl":{"start":{"line":18,"column":13},"end":{"line":18,"column":28}},"loc":{"start":{"line":18,"column":40},"end":{"line":20,"column":5}},"line":18},"5":{"name":"(anonymous_5)","decl":{"start":{"line":19,"column":37},"end":{"line":19,"column":38}},"loc":{"start":{"line":19,"column":55},"end":{"line":19,"column":83}},"line":19},"6":{"name":"updateSkills","decl":{"start":{"line":22,"column":13},"end":{"line":22,"column":25}},"loc":{"start":{"line":22,"column":28},"end":{"line":32,"column":5}},"line":22},"7":{"name":"(anonymous_7)","decl":{"start":{"line":24,"column":45},"end":{"line":24,"column":46}},"loc":{"start":{"line":24,"column":56},"end":{"line":24,"column":68}},"line":24},"8":{"name":"skillTag","decl":{"start":{"line":34,"column":13},"end":{"line":34,"column":21}},"loc":{"start":{"line":34,"column":33},"end":{"line":56,"column":5}},"line":34},"9":{"name":"(anonymous_9)","decl":{"start":{"line":39,"column":30},"end":{"line":39,"column":31}},"loc":{"start":{"line":39,"column":37},"end":{"line":39,"column":72}},"line":39},"10":{"name":"(anonymous_10)","decl":{"start":{"line":45,"column":29},"end":{"line":45,"column":30}},"loc":{"start":{"line":45,"column":35},"end":{"line":45,"column":50}},"line":45},"11":{"name":"(anonymous_11)","decl":{"start":{"line":62,"column":32},"end":{"line":62,"column":33}},"loc":{"start":{"line":62,"column":47},"end":{"line":62,"column":66}},"line":62},"12":{"name":"(anonymous_12)","decl":{"start":{"line":65,"column":29},"end":{"line":65,"column":30}},"loc":{"start":{"line":65,"column":35},"end":{"line":65,"column":66}},"line":65},"13":{"name":"(anonymous_13)","decl":{"start":{"line":72,"column":25},"end":{"line":72,"column":26}},"loc":{"start":{"line":72,"column":31},"end":{"line":72,"column":45}},"line":72}},"branchMap":{"0":{"loc":{"start":{"line":19,"column":55},"end":{"line":19,"column":83}},"type":"cond-expr","locations":[{"start":{"line":19,"column":70},"end":{"line":19,"column":75}},{"start":{"line":19,"column":78},"end":{"line":19,"column":83}}],"line":19},"1":{"loc":{"start":{"line":25,"column":8},"end":{"line":29,"column":9}},"type":"if","locations":[{"start":{"line":25,"column":8},"end":{"line":29,"column":9}},{"start":{},"end":{}}],"line":25},"2":{"loc":{"start":{"line":69,"column":13},"end":{"line":69,"column":75}},"type":"binary-expr","locations":[{"start":{"line":69,"column":13},"end":{"line":69,"column":21}},{"start":{"line":69,"column":25},"end":{"line":69,"column":75}}],"line":69}},"s":{"0":12,"1":12,"2":12,"3":1,"4":0,"5":0,"6":9,"7":36,"8":2,"9":2,"10":8,"11":2,"12":1,"13":1,"14":1,"15":1,"16":1,"17":47,"18":9,"19":0,"20":12,"21":47,"22":1,"23":2},"f":{"0":12,"1":1,"2":0,"3":0,"4":9,"5":36,"6":2,"7":8,"8":47,"9":9,"10":0,"11":47,"12":1,"13":2},"b":{"0":[9,27],"1":[1,1],"2":[12,10]},"_coverageSchema":"1a1c01bbd47fc00a2c39e90264f33305004495a9","hash":"63fa7ecdefe0d30d926b6abdf19d585dad44e036"}
,"C:\\Users\\ge010\\OneDrive\\Documents\\GitHub\\group-project-team-15\\my-app\\src\\components\\DisplayArray.js": {"path":"C:\\Users\\ge010\\OneDrive\\Documents\\GitHub\\group-project-team-15\\my-app\\src\\components\\DisplayArray.js","statementMap":{"0":{"start":{"line":7,"column":23},"end":{"line":7,"column":39}},"1":{"start":{"line":8,"column":4},"end":{"line":23,"column":6}},"2":{"start":{"line":12,"column":20},"end":{"line":19,"column":22}}},"fnMap":{"0":{"name":"DisplayArray","decl":{"start":{"line":6,"column":9},"end":{"line":6,"column":21}},"loc":{"start":{"line":6,"column":29},"end":{"line":24,"column":1}},"line":6},"1":{"name":"(anonymous_1)","decl":{"start":{"line":11,"column":46},"end":{"line":11,"column":47}},"loc":{"start":{"line":11,"column":61},"end":{"line":20,"column":17}},"line":11}},"branchMap":{"0":{"loc":{"start":{"line":11,"column":17},"end":{"line":20,"column":18}},"type":"binary-expr","locations":[{"start":{"line":11,"column":17},"end":{"line":11,"column":27}},{"start":{"line":11,"column":31},"end":{"line":20,"column":18}}],"line":11}},"s":{"0":6,"1":6,"2":10},"f":{"0":6,"1":10},"b":{"0":[6,3]},"_coverageSchema":"1a1c01bbd47fc00a2c39e90264f33305004495a9","hash":"8e67edc1b2e0265d4660317c241a4f0d5bb69d31"}
,"C:\\Users\\ge010\\OneDrive\\Documents\\GitHub\\group-project-team-15\\my-app\\src\\components\\EditSkills.js": {"path":"C:\\Users\\ge010\\OneDrive\\Documents\\GitHub\\group-project-team-15\\my-app\\src\\components\\EditSkills.js","statementMap":{"0":{"start":{"line":6,"column":20},"end":{"line":6,"column":35}},"1":{"start":{"line":7,"column":46},"end":{"line":7,"column":61}},"2":{"start":{"line":9,"column":4},"end":{"line":33,"column":6}},"3":{"start":{"line":15,"column":24},"end":{"line":15,"column":57}}},"fnMap":{"0":{"name":"EditSkills","decl":{"start":{"line":5,"column":9},"end":{"line":5,"column":19}},"loc":{"start":{"line":5,"column":27},"end":{"line":34,"column":1}},"line":5},"1":{"name":"(anonymous_1)","decl":{"start":{"line":14,"column":29},"end":{"line":14,"column":30}},"loc":{"start":{"line":14,"column":35},"end":{"line":16,"column":21}},"line":14}},"branchMap":{"0":{"loc":{"start":{"line":11,"column":13},"end":{"line":23,"column":13}},"type":"binary-expr","locations":[{"start":{"line":11,"column":13},"end":{"line":11,"column":20}},{"start":{"line":12,"column":16},"end":{"line":22,"column":25}}],"line":11},"1":{"loc":{"start":{"line":24,"column":13},"end":{"line":31,"column":13}},"type":"binary-expr","locations":[{"start":{"line":24,"column":13},"end":{"line":24,"column":26}},{"start":{"line":25,"column":16},"end":{"line":30,"column":18}}],"line":24}},"s":{"0":7,"1":7,"2":7,"3":1},"f":{"0":7,"1":1},"b":{"0":[7,5],"1":[7,1]},"_coverageSchema":"1a1c01bbd47fc00a2c39e90264f33305004495a9","hash":"6cd0d77158232dfb3e4a235e7d2becb4877b08fa"}
,"C:\\Users\\ge010\\OneDrive\\Documents\\GitHub\\group-project-team-15\\my-app\\src\\components\\NavBar.js": {"path":"C:\\Users\\ge010\\OneDrive\\Documents\\GitHub\\group-project-team-15\\my-app\\src\\components\\NavBar.js","statementMap":{"0":{"start":{"line":24,"column":33},"end":{"line":24,"column":42}},"1":{"start":{"line":25,"column":19},"end":{"line":25,"column":32}},"2":{"start":{"line":27,"column":26},"end":{"line":27,"column":47}},"3":{"start":{"line":29,"column":23},"end":{"line":31,"column":3}},"4":{"start":{"line":29,"column":36},"end":{"line":31,"column":3}},"5":{"start":{"line":30,"column":4},"end":{"line":30,"column":21}},"6":{"start":{"line":33,"column":20},"end":{"line":36,"column":3}},"7":{"start":{"line":39,"column":4},"end":{"line":56,"column":10}},"8":{"start":{"line":46,"column":10},"end":{"line":53,"column":21}},"9":{"start":{"line":46,"column":61},"end":{"line":46,"column":75}},"10":{"start":{"line":59,"column":2},"end":{"line":90,"column":4}},"11":{"start":{"line":75,"column":29},"end":{"line":75,"column":42}},"12":{"start":{"line":82,"column":51},"end":{"line":82,"column":64}},"13":{"start":{"line":93,"column":19},"end":{"line":102,"column":1}},"14":{"start":{"line":94,"column":2},"end":{"line":101,"column":4}}},"fnMap":{"0":{"name":"NavBar","decl":{"start":{"line":22,"column":16},"end":{"line":22,"column":22}},"loc":{"start":{"line":22,"column":25},"end":{"line":91,"column":1}},"line":22},"1":{"name":"(anonymous_1)","decl":{"start":{"line":29,"column":23},"end":{"line":29,"column":24}},"loc":{"start":{"line":29,"column":36},"end":{"line":31,"column":3}},"line":29},"2":{"name":"(anonymous_2)","decl":{"start":{"line":29,"column":36},"end":{"line":29,"column":37}},"loc":{"start":{"line":29,"column":42},"end":{"line":31,"column":3}},"line":29},"3":{"name":"(anonymous_3)","decl":{"start":{"line":45,"column":23},"end":{"line":45,"column":24}},"loc":{"start":{"line":46,"column":10},"end":{"line":53,"column":21}},"line":46},"4":{"name":"(anonymous_4)","decl":{"start":{"line":46,"column":55},"end":{"line":46,"column":56}},"loc":{"start":{"line":46,"column":61},"end":{"line":46,"column":75}},"line":46},"5":{"name":"(anonymous_5)","decl":{"start":{"line":75,"column":23},"end":{"line":75,"column":24}},"loc":{"start":{"line":75,"column":29},"end":{"line":75,"column":42}},"line":75},"6":{"name":"(anonymous_6)","decl":{"start":{"line":82,"column":45},"end":{"line":82,"column":46}},"loc":{"start":{"line":82,"column":51},"end":{"line":82,"column":64}},"line":82},"7":{"name":"(anonymous_7)","decl":{"start":{"line":93,"column":19},"end":{"line":93,"column":20}},"loc":{"start":{"line":93,"column":25},"end":{"line":102,"column":1}},"line":93}},"branchMap":{"0":{"loc":{"start":{"line":79,"column":11},"end":{"line":83,"column":11}},"type":"cond-expr","locations":[{"start":{"line":80,"column":12},"end":{"line":80,"column":85}},{"start":{"line":82,"column":12},"end":{"line":82,"column":97}}],"line":79}},"s":{"0":2,"1":2,"2":2,"3":2,"4":6,"5":0,"6":2,"7":2,"8":4,"9":0,"10":2,"11":0,"12":0,"13":2,"14":2},"f":{"0":2,"1":6,"2":0,"3":4,"4":0,"5":0,"6":0,"7":2},"b":{"0":[1,1]},"_coverageSchema":"1a1c01bbd47fc00a2c39e90264f33305004495a9","hash":"6ace5f33747690b82232a46686ce40b6a5bb1189"}
,"C:\\Users\\ge010\\OneDrive\\Documents\\GitHub\\group-project-team-15\\my-app\\src\\pages\\Login.js": {"path":"C:\\Users\\ge010\\OneDrive\\Documents\\GitHub\\group-project-team-15\\my-app\\src\\pages\\Login.js","statementMap":{"0":{"start":{"line":18,"column":38},"end":{"line":18,"column":50}},"1":{"start":{"line":19,"column":44},"end":{"line":19,"column":56}},"2":{"start":{"line":20,"column":42},"end":{"line":20,"column":54}},"3":{"start":{"line":22,"column":48},"end":{"line":22,"column":57}},"4":{"start":{"line":23,"column":19},"end":{"line":23,"column":32}},"5":{"start":{"line":25,"column":28},"end":{"line":32,"column":3}},"6":{"start":{"line":26,"column":28},"end":{"line":26,"column":40}},"7":{"start":{"line":27,"column":4},"end":{"line":31,"column":5}},"8":{"start":{"line":28,"column":6},"end":{"line":28,"column":27}},"9":{"start":{"line":29,"column":11},"end":{"line":31,"column":5}},"10":{"start":{"line":30,"column":6},"end":{"line":30,"column":30}},"11":{"start":{"line":34,"column":23},"end":{"line":41,"column":3}},"12":{"start":{"line":35,"column":4},"end":{"line":35,"column":27}},"13":{"start":{"line":37,"column":4},"end":{"line":37,"column":62}},"14":{"start":{"line":39,"column":16},"end":{"line":39,"column":69}},"15":{"start":{"line":40,"column":4},"end":{"line":40,"column":25}},"16":{"start":{"line":43,"column":2},"end":{"line":106,"column":4}},"17":{"start":{"line":93,"column":49},"end":{"line":93,"column":70}}},"fnMap":{"0":{"name":"Login","decl":{"start":{"line":17,"column":9},"end":{"line":17,"column":14}},"loc":{"start":{"line":17,"column":17},"end":{"line":107,"column":1}},"line":17},"1":{"name":"(anonymous_1)","decl":{"start":{"line":25,"column":28},"end":{"line":25,"column":29}},"loc":{"start":{"line":25,"column":39},"end":{"line":32,"column":3}},"line":25},"2":{"name":"(anonymous_2)","decl":{"start":{"line":34,"column":23},"end":{"line":34,"column":24}},"loc":{"start":{"line":34,"column":34},"end":{"line":41,"column":3}},"line":34},"3":{"name":"(anonymous_3)","decl":{"start":{"line":93,"column":43},"end":{"line":93,"column":44}},"loc":{"start":{"line":93,"column":49},"end":{"line":93,"column":70}},"line":93}},"branchMap":{"0":{"loc":{"start":{"line":27,"column":4},"end":{"line":31,"column":5}},"type":"if","locations":[{"start":{"line":27,"column":4},"end":{"line":31,"column":5}},{"start":{"line":29,"column":11},"end":{"line":31,"column":5}}],"line":27},"1":{"loc":{"start":{"line":29,"column":11},"end":{"line":31,"column":5}},"type":"if","locations":[{"start":{"line":29,"column":11},"end":{"line":31,"column":5}},{"start":{},"end":{}}],"line":29},"2":{"loc":{"start":{"line":43,"column":9},"end":{"line":106,"column":3}},"type":"cond-expr","locations":[{"start":{"line":43,"column":22},"end":{"line":43,"column":59}},{"start":{"line":44,"column":4},"end":{"line":105,"column":7}}],"line":43}},"s":{"0":18,"1":18,"2":18,"3":18,"4":18,"5":18,"6":12,"7":12,"8":8,"9":4,"10":4,"11":18,"12":2,"13":2,"14":2,"15":2,"16":18,"17":1},"f":{"0":18,"1":12,"2":2,"3":1},"b":{"0":[8,4],"1":[4,0],"2":[0,18]},"_coverageSchema":"1a1c01bbd47fc00a2c39e90264f33305004495a9","hash":"05e8674464d28498e3353da860adb5ee9c1bfab8"}
,"C:\\Users\\ge010\\OneDrive\\Documents\\GitHub\\group-project-team-15\\my-app\\src\\pages\\Marketplace.js": {"path":"C:\\Users\\ge010\\OneDrive\\Documents\\GitHub\\group-project-team-15\\my-app\\src\\pages\\Marketplace.js","statementMap":{"0":{"start":{"line":11,"column":20},"end":{"line":77,"column":1}},"1":{"start":{"line":12,"column":40},"end":{"line":12,"column":52}},"2":{"start":{"line":13,"column":46},"end":{"line":13,"column":58}},"3":{"start":{"line":15,"column":24},"end":{"line":20,"column":5}},"4":{"start":{"line":16,"column":8},"end":{"line":19,"column":9}},"5":{"start":{"line":17,"column":29},"end":{"line":17,"column":72}},"6":{"start":{"line":18,"column":12},"end":{"line":18,"column":39}},"7":{"start":{"line":28,"column":31},"end":{"line":31,"column":5}},"8":{"start":{"line":29,"column":8},"end":{"line":29,"column":38}},"9":{"start":{"line":30,"column":8},"end":{"line":30,"column":22}},"10":{"start":{"line":33,"column":4},"end":{"line":76,"column":5}},"11":{"start":{"line":55,"column":28},"end":{"line":70,"column":34}}},"fnMap":{"0":{"name":"(anonymous_0)","decl":{"start":{"line":11,"column":20},"end":{"line":11,"column":21}},"loc":{"start":{"line":11,"column":26},"end":{"line":77,"column":1}},"line":11},"1":{"name":"(anonymous_1)","decl":{"start":{"line":15,"column":24},"end":{"line":15,"column":25}},"loc":{"start":{"line":15,"column":36},"end":{"line":20,"column":5}},"line":15},"2":{"name":"(anonymous_2)","decl":{"start":{"line":28,"column":31},"end":{"line":28,"column":32}},"loc":{"start":{"line":28,"column":38},"end":{"line":31,"column":5}},"line":28},"3":{"name":"(anonymous_3)","decl":{"start":{"line":54,"column":43},"end":{"line":54,"column":44}},"loc":{"start":{"line":55,"column":28},"end":{"line":70,"column":34}},"line":55}},"branchMap":{"0":{"loc":{"start":{"line":16,"column":8},"end":{"line":19,"column":9}},"type":"if","locations":[{"start":{"line":16,"column":8},"end":{"line":19,"column":9}},{"start":{},"end":{}}],"line":16}},"s":{"0":1,"1":8,"2":8,"3":8,"4":6,"5":5,"6":5,"7":8,"8":6,"9":6,"10":8,"11":1},"f":{"0":8,"1":6,"2":6,"3":1},"b":{"0":[5,1]},"_coverageSchema":"1a1c01bbd47fc00a2c39e90264f33305004495a9","hash":"a95be08932674fb537c3f1b8d2ae249103dcfbcc"}
,"C:\\Users\\ge010\\OneDrive\\Documents\\GitHub\\group-project-team-15\\my-app\\src\\pages\\Profile.js": {"path":"C:\\Users\\ge010\\OneDrive\\Documents\\GitHub\\group-project-team-15\\my-app\\src\\pages\\Profile.js","statementMap":{"0":{"start":{"line":15,"column":20},"end":{"line":15,"column":29}},"1":{"start":{"line":16,"column":17},"end":{"line":16,"column":28}},"2":{"start":{"line":17,"column":34},"end":{"line":17,"column":48}},"3":{"start":{"line":19,"column":42},"end":{"line":19,"column":54}},"4":{"start":{"line":20,"column":32},"end":{"line":20,"column":47}},"5":{"start":{"line":22,"column":2},"end":{"line":36,"column":18}},"6":{"start":{"line":23,"column":22},"end":{"line":33,"column":5}},"7":{"start":{"line":24,"column":6},"end":{"line":32,"column":7}},"8":{"start":{"line":25,"column":34},"end":{"line":25,"column":54}},"9":{"start":{"line":26,"column":8},"end":{"line":29,"column":9}},"10":{"start":{"line":27,"column":10},"end":{"line":27,"column":28}},"11":{"start":{"line":28,"column":10},"end":{"line":28,"column":43}},"12":{"start":{"line":31,"column":8},"end":{"line":31,"column":27}},"13":{"start":{"line":35,"column":4},"end":{"line":35,"column":18}},"14":{"start":{"line":38,"column":2},"end":{"line":40,"column":3}},"15":{"start":{"line":39,"column":4},"end":{"line":39,"column":37}},"16":{"start":{"line":43,"column":38},"end":{"line":43,"column":73}},"17":{"start":{"line":44,"column":4},"end":{"line":44,"column":34}},"18":{"start":{"line":45,"column":4},"end":{"line":47,"column":5}},"19":{"start":{"line":46,"column":6},"end":{"line":46,"column":37}},"20":{"start":{"line":51,"column":4},"end":{"line":51,"column":49}},"21":{"start":{"line":53,"column":4},"end":{"line":53,"column":36}},"22":{"start":{"line":57,"column":4},"end":{"line":57,"column":56}},"23":{"start":{"line":59,"column":4},"end":{"line":59,"column":41}},"24":{"start":{"line":63,"column":4},"end":{"line":90,"column":5}},"25":{"start":{"line":93,"column":2},"end":{"line":101,"column":4}}},"fnMap":{"0":{"name":"Profile","decl":{"start":{"line":14,"column":9},"end":{"line":14,"column":16}},"loc":{"start":{"line":14,"column":19},"end":{"line":102,"column":1}},"line":14},"1":{"name":"(anonymous_1)","decl":{"start":{"line":22,"column":12},"end":{"line":22,"column":13}},"loc":{"start":{"line":22,"column":18},"end":{"line":36,"column":3}},"line":22},"2":{"name":"(anonymous_2)","decl":{"start":{"line":23,"column":22},"end":{"line":23,"column":23}},"loc":{"start":{"line":23,"column":36},"end":{"line":33,"column":5}},"line":23},"3":{"name":"callUpdateAPI","decl":{"start":{"line":42,"column":17},"end":{"line":42,"column":30}},"loc":{"start":{"line":42,"column":43},"end":{"line":48,"column":3}},"line":42},"4":{"name":"updateSkills","decl":{"start":{"line":50,"column":11},"end":{"line":50,"column":23}},"loc":{"start":{"line":50,"column":32},"end":{"line":54,"column":3}},"line":50},"5":{"name":"updateLookingFor","decl":{"start":{"line":56,"column":11},"end":{"line":56,"column":27}},"loc":{"start":{"line":56,"column":36},"end":{"line":60,"column":3}},"line":56},"6":{"name":"UserInformation","decl":{"start":{"line":62,"column":11},"end":{"line":62,"column":26}},"loc":{"start":{"line":62,"column":29},"end":{"line":91,"column":3}},"line":62}},"branchMap":{"0":{"loc":{"start":{"line":26,"column":8},"end":{"line":29,"column":9}},"type":"if","locations":[{"start":{"line":26,"column":8},"end":{"line":29,"column":9}},{"start":{},"end":{}}],"line":26},"1":{"loc":{"start":{"line":38,"column":2},"end":{"line":40,"column":3}},"type":"if","locations":[{"start":{"line":38,"column":2},"end":{"line":40,"column":3}},{"start":{},"end":{}}],"line":38},"2":{"loc":{"start":{"line":45,"column":4},"end":{"line":47,"column":5}},"type":"if","locations":[{"start":{"line":45,"column":4},"end":{"line":47,"column":5}},{"start":{},"end":{}}],"line":45}},"s":{"0":6,"1":6,"2":6,"3":6,"4":6,"5":6,"6":3,"7":3,"8":3,"9":2,"10":2,"11":2,"12":1,"13":3,"14":6,"15":3,"16":1,"17":1,"18":1,"19":1,"20":1,"21":1,"22":0,"23":0,"24":3,"25":3},"f":{"0":6,"1":3,"2":3,"3":1,"4":1,"5":0,"6":3},"b":{"0":[2,0],"1":[3,3],"2":[1,0]},"_coverageSchema":"1a1c01bbd47fc00a2c39e90264f33305004495a9","hash":"254156b0d98d39399b40017108f15780f16a37c0"}
,"C:\\Users\\ge010\\OneDrive\\Documents\\GitHub\\group-project-team-15\\my-app\\src\\pages\\Register.js": {"path":"C:\\Users\\ge010\\OneDrive\\Documents\\GitHub\\group-project-team-15\\my-app\\src\\pages\\Register.js","statementMap":{"0":{"start":{"line":21,"column":38},"end":{"line":21,"column":50}},"1":{"start":{"line":22,"column":44},"end":{"line":22,"column":56}},"2":{"start":{"line":23,"column":58},"end":{"line":23,"column":70}},"3":{"start":{"line":24,"column":42},"end":{"line":24,"column":54}},"4":{"start":{"line":25,"column":32},"end":{"line":25,"column":47}},"5":{"start":{"line":27,"column":19},"end":{"line":27,"column":32}},"6":{"start":{"line":29,"column":28},"end":{"line":38,"column":3}},"7":{"start":{"line":30,"column":28},"end":{"line":30,"column":40}},"8":{"start":{"line":31,"column":4},"end":{"line":37,"column":5}},"9":{"start":{"line":32,"column":6},"end":{"line":32,"column":27}},"10":{"start":{"line":33,"column":11},"end":{"line":37,"column":5}},"11":{"start":{"line":34,"column":6},"end":{"line":34,"column":30}},"12":{"start":{"line":35,"column":11},"end":{"line":37,"column":5}},"13":{"start":{"line":36,"column":6},"end":{"line":36,"column":37}},"14":{"start":{"line":41,"column":38},"end":{"line":41,"column":86}},"15":{"start":{"line":42,"column":4},"end":{"line":42,"column":24}},"16":{"start":{"line":43,"column":4},"end":{"line":43,"column":34}},"17":{"start":{"line":44,"column":4},"end":{"line":46,"column":5}},"18":{"start":{"line":45,"column":6},"end":{"line":45,"column":49}},"19":{"start":{"line":45,"column":23},"end":{"line":45,"column":41}},"20":{"start":{"line":49,"column":23},"end":{"line":60,"column":3}},"21":{"start":{"line":50,"column":4},"end":{"line":50,"column":27}},"22":{"start":{"line":54,"column":4},"end":{"line":57,"column":5}},"23":{"start":{"line":55,"column":6},"end":{"line":55,"column":53}},"24":{"start":{"line":56,"column":6},"end":{"line":56,"column":13}},"25":{"start":{"line":59,"column":4},"end":{"line":59,"column":20}},"26":{"start":{"line":62,"column":2},"end":{"line":161,"column":4}},"27":{"start":{"line":80,"column":18},"end":{"line":80,"column":36}}},"fnMap":{"0":{"name":"Register","decl":{"start":{"line":20,"column":9},"end":{"line":20,"column":17}},"loc":{"start":{"line":20,"column":20},"end":{"line":162,"column":1}},"line":20},"1":{"name":"(anonymous_1)","decl":{"start":{"line":29,"column":28},"end":{"line":29,"column":29}},"loc":{"start":{"line":29,"column":39},"end":{"line":38,"column":3}},"line":29},"2":{"name":"registerEvent","decl":{"start":{"line":40,"column":17},"end":{"line":40,"column":30}},"loc":{"start":{"line":40,"column":33},"end":{"line":47,"column":3}},"line":40},"3":{"name":"(anonymous_3)","decl":{"start":{"line":45,"column":17},"end":{"line":45,"column":18}},"loc":{"start":{"line":45,"column":23},"end":{"line":45,"column":41}},"line":45},"4":{"name":"(anonymous_4)","decl":{"start":{"line":49,"column":23},"end":{"line":49,"column":24}},"loc":{"start":{"line":49,"column":34},"end":{"line":60,"column":3}},"line":49},"5":{"name":"(anonymous_5)","decl":{"start":{"line":79,"column":25},"end":{"line":79,"column":26}},"loc":{"start":{"line":79,"column":31},"end":{"line":81,"column":17}},"line":79}},"branchMap":{"0":{"loc":{"start":{"line":31,"column":4},"end":{"line":37,"column":5}},"type":"if","locations":[{"start":{"line":31,"column":4},"end":{"line":37,"column":5}},{"start":{"line":33,"column":11},"end":{"line":37,"column":5}}],"line":31},"1":{"loc":{"start":{"line":33,"column":11},"end":{"line":37,"column":5}},"type":"if","locations":[{"start":{"line":33,"column":11},"end":{"line":37,"column":5}},{"start":{"line":35,"column":11},"end":{"line":37,"column":5}}],"line":33},"2":{"loc":{"start":{"line":35,"column":11},"end":{"line":37,"column":5}},"type":"if","locations":[{"start":{"line":35,"column":11},"end":{"line":37,"column":5}},{"start":{},"end":{}}],"line":35},"3":{"loc":{"start":{"line":44,"column":4},"end":{"line":46,"column":5}},"type":"if","locations":[{"start":{"line":44,"column":4},"end":{"line":46,"column":5}},{"start":{},"end":{}}],"line":44},"4":{"loc":{"start":{"line":54,"column":4},"end":{"line":57,"column":5}},"type":"if","locations":[{"start":{"line":54,"column":4},"end":{"line":57,"column":5}},{"start":{},"end":{}}],"line":54}},"s":{"0":25,"1":25,"2":25,"3":25,"4":25,"5":25,"6":25,"7":19,"8":19,"9":12,"10":7,"11":3,"12":4,"13":4,"14":2,"15":2,"16":2,"17":2,"18":1,"19":1,"20":25,"21":3,"22":3,"23":1,"24":1,"25":2,"26":25,"27":0},"f":{"0":25,"1":19,"2":2,"3":1,"4":3,"5":0},"b":{"0":[12,7],"1":[3,4],"2":[4,0],"3":[1,1],"4":[1,2]},"_coverageSchema":"1a1c01bbd47fc00a2c39e90264f33305004495a9","hash":"2d638a06815674c53d17786329125dbdf938f14b"}
,"C:\\Users\\ge010\\OneDrive\\Documents\\GitHub\\group-project-team-15\\my-app\\src\\resources\\theme.js": {"path":"C:\\Users\\ge010\\OneDrive\\Documents\\GitHub\\group-project-team-15\\my-app\\src\\resources\\theme.js","statementMap":{"0":{"start":{"line":3,"column":14},"end":{"line":21,"column":2}}},"fnMap":{},"branchMap":{},"s":{"0":0},"f":{},"b":{}}
}
