TN:
SF:src\App.js
FN:15,App
FNF:1
FNH:0
FNDA:0,App
DA:17,0
LF:1
LH:0
BRF:0
BRH:0
end_of_record
TN:
SF:src\index.js
FNF:0
FNH:0
DA:8,0
DA:9,0
LF:2
LH:0
BRF:0
BRH:0
end_of_record
TN:
SF:src\reportWebVitals.js
FN:1,(anonymous_0)
FN:3,(anonymous_1)
FNF:2
FNH:0
FNDA:0,(anonymous_0)
FNDA:0,(anonymous_1)
DA:1,0
DA:2,0
DA:3,0
DA:4,0
DA:5,0
DA:6,0
DA:7,0
DA:8,0
LF:8
LH:0
BRDA:2,0,0,0
BRDA:2,0,1,0
BRDA:2,1,0,0
BRDA:2,1,1,0
BRF:4
BRH:0
end_of_record
TN:
SF:src\api\login.js
FN:3,(anonymous_0)
FNF:1
FNH:0
FNDA:0,(anonymous_0)
DA:3,0
DA:5,0
DA:6,0
DA:11,0
DA:12,0
DA:14,0
DA:16,0
DA:21,0
LF:8
LH:0
BRF:0
BRH:0
end_of_record
TN:
SF:src\api\marketplace.js
FN:3,(anonymous_0)
FNF:1
FNH:0
FNDA:0,(anonymous_0)
DA:3,0
DA:4,0
DA:5,0
DA:6,0
DA:8,0
DA:9,0
LF:6
LH:0
BRDA:6,0,0,0
BRDA:6,0,1,0
BRF:2
BRH:0
end_of_record
TN:
SF:src\api\register.js
FN:3,(anonymous_0)
FNF:1
FNH:0
FNDA:0,(anonymous_0)
DA:3,0
DA:4,0
DA:5,0
DA:10,0
DA:15,0
DA:16,0
LF:6
LH:0
BRF:0
BRH:0
end_of_record
TN:
SF:src\auth\AuthContext.js
FN:11,(anonymous_0)
FN:12,(anonymous_1)
FN:16,(anonymous_2)
FN:20,(anonymous_3)
FN:26,callLogin
FN:42,(anonymous_5)
FN:48,(anonymous_6)
FNF:7
FNH:4
FNDA:0,(anonymous_0)
FNDA:0,(anonymous_1)
FNDA:18,(anonymous_2)
FNDA:6,(anonymous_3)
FNDA:2,callLogin
FNDA:2,(anonymous_5)
FNDA:0,(anonymous_6)
DA:6,1
DA:8,1
DA:16,1
DA:17,18
DA:20,1
DA:21,6
DA:22,6
DA:23,6
DA:24,6
DA:27,2
DA:29,2
DA:30,2
DA:32,2
DA:33,1
DA:34,1
DA:35,1
DA:36,1
DA:38,1
DA:42,6
DA:45,2
DA:48,6
DA:50,0
DA:51,0
DA:52,0
DA:53,0
DA:55,0
DA:58,6
LF:27
LH:22
BRDA:17,0,0,18
BRDA:17,0,1,0
BRDA:32,1,0,1
BRDA:32,1,1,1
BRF:4
BRH:3
end_of_record
TN:
SF:src\components\ConfigureSkills.js
FN:5,ConfigureSkills
FN:10,addSkill
FN:14,removeSkill
FN:15,(anonymous_3)
FN:18,changeSkillName
FN:19,(anonymous_5)
FN:22,updateSkills
FN:24,(anonymous_7)
FN:34,skillTag
FN:39,(anonymous_9)
FN:44,(anonymous_10)
FN:60,(anonymous_11)
FN:63,(anonymous_12)
FN:69,(anonymous_13)
FNF:14
FNH:0
FNDA:0,ConfigureSkills
FNDA:0,addSkill
FNDA:0,removeSkill
FNDA:0,(anonymous_3)
FNDA:0,changeSkillName
FNDA:0,(anonymous_5)
FNDA:0,updateSkills
FNDA:0,(anonymous_7)
FNDA:0,skillTag
FNDA:0,(anonymous_9)
FNDA:0,(anonymous_10)
FNDA:0,(anonymous_11)
FNDA:0,(anonymous_12)
FNDA:0,(anonymous_13)
DA:6,0
DA:7,0
DA:8,0
DA:11,0
DA:15,0
DA:19,0
DA:23,0
DA:24,0
DA:25,0
DA:26,0
DA:27,0
DA:28,0
DA:30,0
DA:31,0
DA:35,0
DA:39,0
DA:44,0
DA:56,0
DA:60,0
DA:63,0
DA:69,0
LF:21
LH:0
BRDA:19,0,0,0
BRDA:19,0,1,0
BRDA:25,1,0,0
BRDA:25,1,1,0
BRDA:66,2,0,0
BRDA:66,2,1,0
BRF:6
BRH:0
end_of_record
TN:
SF:src\components\DisplayArray.js
FN:6,DisplayArray
FN:11,(anonymous_1)
FNF:2
FNH:0
FNDA:0,DisplayArray
FNDA:0,(anonymous_1)
DA:7,0
DA:8,0
DA:12,0
LF:3
LH:0
BRDA:11,0,0,0
BRDA:11,0,1,0
BRF:2
BRH:0
end_of_record
TN:
SF:src\components\EditSkills.js
FN:5,EditSkills
FN:14,(anonymous_1)
FNF:2
FNH:0
FNDA:0,EditSkills
FNDA:0,(anonymous_1)
DA:6,0
DA:7,0
DA:9,0
DA:15,0
LF:4
LH:0
BRDA:11,0,0,0
BRDA:11,0,1,0
BRDA:23,1,0,0
BRDA:23,1,1,0
BRF:4
BRH:0
end_of_record
TN:
SF:src\components\NavBar.js
FN:22,NavBar
FN:29,(anonymous_1)
FN:29,(anonymous_2)
FN:45,(anonymous_3)
FN:46,(anonymous_4)
FN:75,(anonymous_5)
FN:82,(anonymous_6)
FN:93,(anonymous_7)
FNF:8
FNH:0
FNDA:0,NavBar
FNDA:0,(anonymous_1)
FNDA:0,(anonymous_2)
FNDA:0,(anonymous_3)
FNDA:0,(anonymous_4)
FNDA:0,(anonymous_5)
FNDA:0,(anonymous_6)
FNDA:0,(anonymous_7)
DA:24,0
DA:25,0
DA:27,0
DA:29,0
DA:30,0
DA:33,0
DA:39,0
DA:46,0
DA:59,0
DA:75,0
DA:82,0
DA:93,0
DA:94,0
LF:13
LH:0
BRDA:79,0,0,0
BRDA:79,0,1,0
BRF:2
BRH:0
end_of_record
TN:
SF:src\pages\Login.js
FN:17,Login
FN:25,(anonymous_1)
FN:34,(anonymous_2)
FN:94,(anonymous_3)
FNF:4
FNH:4
FNDA:18,Login
FNDA:12,(anonymous_1)
FNDA:2,(anonymous_2)
FNDA:1,(anonymous_3)
DA:18,18
DA:19,18
DA:20,18
DA:22,18
DA:23,18
DA:25,18
DA:26,12
DA:27,12
DA:28,8
DA:29,4
DA:30,4
DA:34,18
DA:35,2
DA:37,2
DA:39,2
DA:40,2
DA:41,2
DA:44,18
DA:94,1
LF:19
LH:19
BRDA:27,0,0,8
BRDA:27,0,1,4
BRDA:29,1,0,4
BRDA:29,1,1,0
BRDA:44,2,0,0
BRDA:44,2,1,18
BRF:6
BRH:4
end_of_record
TN:
SF:src\pages\Marketplace.js
FN:11,(anonymous_0)
FN:15,(anonymous_1)
FN:22,(anonymous_2)
FN:28,(anonymous_3)
FN:61,(anonymous_4)
FNF:5
FNH:0
FNDA:0,(anonymous_0)
FNDA:0,(anonymous_1)
FNDA:0,(anonymous_2)
FNDA:0,(anonymous_3)
FNDA:0,(anonymous_4)
DA:11,0
DA:12,0
DA:13,0
DA:15,0
DA:16,0
DA:17,0
DA:18,0
DA:22,0
DA:23,0
DA:24,0
DA:28,0
DA:29,0
DA:30,0
DA:39,0
DA:62,0
LF:15
LH:0
BRDA:16,0,0,0
BRDA:16,0,1,0
BRDA:23,1,0,0
BRDA:23,1,1,0
BRF:4
BRH:0
end_of_record
TN:
SF:src\pages\Profile.js
FN:15,Profile
FN:24,(anonymous_1)
FN:25,(anonymous_2)
FN:43,updateProfile
FN:62,updateSkills
FN:68,updateLookingFor
FN:74,UserInformation
FNF:7
FNH:0
FNDA:0,Profile
FNDA:0,(anonymous_1)
FNDA:0,(anonymous_2)
FNDA:0,updateProfile
FNDA:0,updateSkills
FNDA:0,updateLookingFor
FNDA:0,UserInformation
DA:16,0
DA:18,0
DA:19,0
DA:21,0
DA:22,0
DA:24,0
DA:25,0
DA:26,0
DA:27,0
DA:28,0
DA:29,0
DA:30,0
DA:32,0
DA:36,0
DA:39,0
DA:40,0
DA:44,0
DA:45,0
DA:54,0
DA:55,0
DA:57,0
DA:58,0
DA:63,0
DA:65,0
DA:69,0
DA:71,0
DA:75,0
DA:103,0
LF:28
LH:0
BRDA:39,0,0,0
BRDA:39,0,1,0
BRF:2
BRH:0
end_of_record
TN:
SF:src\pages\Register.js
FN:20,Register
FN:29,(anonymous_1)
FN:40,registerEvent
FN:45,(anonymous_3)
FN:49,(anonymous_4)
FN:79,(anonymous_5)
FNF:6
FNH:4
FNDA:17,Register
FNDA:13,(anonymous_1)
FNDA:1,registerEvent
FNDA:0,(anonymous_3)
FNDA:2,(anonymous_4)
FNDA:0,(anonymous_5)
DA:21,17
DA:22,17
DA:23,17
DA:24,17
DA:25,17
DA:27,17
DA:29,17
DA:30,13
DA:31,13
DA:32,8
DA:33,5
DA:34,2
DA:35,3
DA:36,3
DA:41,1
DA:42,1
DA:43,1
DA:44,1
DA:45,0
DA:49,17
DA:50,2
DA:52,2
DA:54,2
DA:55,1
DA:56,1
DA:59,1
DA:62,17
DA:80,0
LF:28
LH:26
BRDA:31,0,0,8
BRDA:31,0,1,5
BRDA:33,1,0,2
BRDA:33,1,1,3
BRDA:35,2,0,3
BRDA:35,2,1,0
BRDA:44,3,0,0
BRDA:44,3,1,1
BRDA:54,4,0,1
BRDA:54,4,1,1
BRF:10
BRH:8
end_of_record
TN:
SF:src\resources\theme.js
FNF:0
FNH:0
DA:3,0
LF:1
LH:0
BRF:0
BRH:0
end_of_record
