TN:
SF:src\App.js
FN:15,App
FNF:1
FNH:0
FNDA:0,App
DA:17,0
LF:1
LH:0
BRF:0
BRH:0
end_of_record
TN:
SF:src\index.js
FNF:0
FNH:0
DA:8,0
DA:9,0
LF:2
LH:0
BRF:0
BRH:0
end_of_record
TN:
SF:src\reportWebVitals.js
FN:1,(anonymous_0)
FN:3,(anonymous_1)
FNF:2
FNH:0
FNDA:0,(anonymous_0)
FNDA:0,(anonymous_1)
DA:1,0
DA:2,0
DA:3,0
DA:4,0
DA:5,0
DA:6,0
DA:7,0
DA:8,0
LF:8
LH:0
BRDA:2,0,0,0
BRDA:2,0,1,0
BRDA:2,1,0,0
BRDA:2,1,1,0
BRF:4
BRH:0
end_of_record
TN:
SF:src\api\login.js
FN:3,(anonymous_0)
FNF:1
FNH:1
FNDA:2,(anonymous_0)
DA:3,2
DA:5,2
DA:6,2
DA:11,1
DA:12,1
DA:14,1
DA:16,1
DA:21,1
LF:8
LH:8
BRF:0
BRH:0
end_of_record
TN:
SF:src\api\marketplace.js
FN:3,(anonymous_0)
FNF:1
FNH:1
FNDA:3,(anonymous_0)
DA:3,1
DA:4,3
DA:5,3
DA:6,2
DA:8,1
DA:9,1
LF:6
LH:6
BRF:0
BRH:0
end_of_record
TN:
SF:src\api\profile.js
FN:3,(anonymous_0)
FN:20,(anonymous_1)
FNF:2
FNH:2
FNDA:2,(anonymous_0)
FNDA:2,(anonymous_1)
DA:3,1
DA:4,2
DA:5,2
DA:6,1
DA:7,1
DA:12,1
DA:13,1
DA:20,1
DA:21,2
DA:22,2
DA:31,1
DA:32,1
DA:37,1
DA:38,1
LF:14
LH:14
BRF:0
BRH:0
end_of_record
TN:
SF:src\api\register.js
FN:3,(anonymous_0)
FNF:1
FNH:1
FNDA:2,(anonymous_0)
DA:3,1
DA:4,2
DA:5,2
DA:10,1
DA:15,1
DA:16,1
LF:6
LH:6
BRF:0
BRH:0
end_of_record
TN:
SF:src\auth\AuthContext.js
FN:11,(anonymous_0)
FN:12,(anonymous_1)
FN:16,(anonymous_2)
FN:20,(anonymous_3)
FN:26,callLogin
FN:42,(anonymous_5)
FN:48,(anonymous_6)
FNF:7
FNH:4
FNDA:0,(anonymous_0)
FNDA:0,(anonymous_1)
FNDA:22,(anonymous_2)
FNDA:11,(anonymous_3)
FNDA:2,callLogin
FNDA:2,(anonymous_5)
FNDA:0,(anonymous_6)
DA:6,2
DA:8,2
DA:16,2
DA:17,22
DA:20,2
DA:21,11
DA:22,11
DA:23,11
DA:24,11
DA:27,2
DA:29,2
DA:30,2
DA:32,2
DA:33,1
DA:34,1
DA:35,1
DA:36,1
DA:38,1
DA:42,11
DA:45,2
DA:48,11
DA:50,0
DA:51,0
DA:52,0
DA:53,0
DA:55,0
DA:58,11
LF:27
LH:22
BRDA:17,0,0,22
BRDA:17,0,1,0
BRDA:32,1,0,1
BRDA:32,1,1,1
BRF:4
BRH:3
end_of_record
TN:
SF:src\components\ConfigureSkills.js
FN:5,ConfigureSkills
FN:10,addSkill
FN:14,removeSkill
FN:15,(anonymous_3)
FN:18,changeSkillName
FN:19,(anonymous_5)
FN:22,updateSkills
FN:24,(anonymous_7)
FN:34,skillTag
FN:39,(anonymous_9)
FN:45,(anonymous_10)
FN:62,(anonymous_11)
FN:65,(anonymous_12)
FN:72,(anonymous_13)
FNF:14
FNH:11
FNDA:12,ConfigureSkills
FNDA:1,addSkill
FNDA:0,removeSkill
FNDA:0,(anonymous_3)
FNDA:9,changeSkillName
FNDA:36,(anonymous_5)
FNDA:2,updateSkills
FNDA:8,(anonymous_7)
FNDA:47,skillTag
FNDA:9,(anonymous_9)
FNDA:0,(anonymous_10)
FNDA:47,(anonymous_11)
FNDA:1,(anonymous_12)
FNDA:2,(anonymous_13)
DA:6,12
DA:7,12
DA:8,12
DA:11,1
DA:15,0
DA:19,36
DA:23,2
DA:24,8
DA:25,2
DA:26,1
DA:27,1
DA:28,1
DA:30,1
DA:31,1
DA:35,47
DA:39,9
DA:45,0
DA:58,12
DA:62,47
DA:65,1
DA:72,2
LF:21
LH:19
BRDA:19,0,0,9
BRDA:19,0,1,27
BRDA:25,1,0,1
BRDA:25,1,1,1
BRDA:69,2,0,12
BRDA:69,2,1,10
BRF:6
BRH:6
end_of_record
TN:
SF:src\components\DisplayArray.js
FN:6,DisplayArray
FN:11,(anonymous_1)
FNF:2
FNH:2
FNDA:6,DisplayArray
FNDA:10,(anonymous_1)
DA:7,6
DA:8,6
DA:12,10
LF:3
LH:3
BRDA:11,0,0,6
BRDA:11,0,1,3
BRF:2
BRH:2
end_of_record
TN:
SF:src\components\EditSkills.js
FN:5,EditSkills
FN:14,(anonymous_1)
FNF:2
FNH:2
FNDA:7,EditSkills
FNDA:1,(anonymous_1)
DA:6,7
DA:7,7
DA:9,7
DA:15,1
LF:4
LH:4
BRDA:11,0,0,7
BRDA:11,0,1,5
BRDA:24,1,0,7
BRDA:24,1,1,1
BRF:4
BRH:4
end_of_record
TN:
SF:src\components\NavBar.js
FN:22,NavBar
FN:29,(anonymous_1)
FN:29,(anonymous_2)
FN:45,(anonymous_3)
FN:46,(anonymous_4)
FN:75,(anonymous_5)
FN:82,(anonymous_6)
FN:93,(anonymous_7)
FNF:8
FNH:4
FNDA:2,NavBar
FNDA:6,(anonymous_1)
FNDA:0,(anonymous_2)
FNDA:4,(anonymous_3)
FNDA:0,(anonymous_4)
FNDA:0,(anonymous_5)
FNDA:0,(anonymous_6)
FNDA:2,(anonymous_7)
DA:24,2
DA:25,2
DA:27,2
DA:29,6
DA:30,0
DA:33,2
DA:39,2
DA:46,4
DA:59,2
DA:75,0
DA:82,0
DA:93,2
DA:94,2
LF:13
LH:10
BRDA:79,0,0,1
BRDA:79,0,1,1
BRF:2
BRH:2
end_of_record
TN:
SF:src\pages\Login.js
FN:17,Login
FN:25,(anonymous_1)
FN:34,(anonymous_2)
FN:93,(anonymous_3)
FNF:4
FNH:4
FNDA:18,Login
FNDA:12,(anonymous_1)
FNDA:2,(anonymous_2)
FNDA:1,(anonymous_3)
DA:18,18
DA:19,18
DA:20,18
DA:22,18
DA:23,18
DA:25,18
DA:26,12
DA:27,12
DA:28,8
DA:29,4
DA:30,4
DA:34,18
DA:35,2
DA:37,2
DA:39,2
DA:40,2
DA:43,18
DA:93,1
LF:18
LH:18
BRDA:27,0,0,8
BRDA:27,0,1,4
BRDA:29,1,0,4
BRDA:29,1,1,0
BRDA:43,2,0,0
BRDA:43,2,1,18
BRF:6
BRH:4
end_of_record
TN:
SF:src\pages\Marketplace.js
FN:11,(anonymous_0)
FN:15,(anonymous_1)
FN:28,(anonymous_2)
FN:54,(anonymous_3)
FNF:4
FNH:4
FNDA:8,(anonymous_0)
FNDA:6,(anonymous_1)
FNDA:6,(anonymous_2)
FNDA:1,(anonymous_3)
DA:11,1
DA:12,8
DA:13,8
DA:15,8
DA:16,6
DA:17,5
DA:18,5
DA:28,8
DA:29,6
DA:30,6
DA:33,8
DA:55,1
LF:12
LH:12
BRDA:16,0,0,5
BRDA:16,0,1,1
BRF:2
BRH:2
end_of_record
TN:
SF:src\pages\Profile.js
FN:14,Profile
FN:22,(anonymous_1)
FN:23,(anonymous_2)
FN:42,callUpdateAPI
FN:50,updateSkills
FN:56,updateLookingFor
FN:62,UserInformation
FNF:7
FNH:6
FNDA:6,Profile
FNDA:3,(anonymous_1)
FNDA:3,(anonymous_2)
FNDA:1,callUpdateAPI
FNDA:1,updateSkills
FNDA:0,updateLookingFor
FNDA:3,UserInformation
DA:15,6
DA:16,6
DA:17,6
DA:19,6
DA:20,6
DA:22,6
DA:23,3
DA:24,3
DA:25,3
DA:26,2
DA:27,2
DA:28,2
DA:31,1
DA:35,3
DA:38,6
DA:39,3
DA:43,1
DA:44,1
DA:45,1
DA:46,1
DA:51,1
DA:53,1
DA:57,0
DA:59,0
DA:63,3
DA:93,3
LF:26
LH:24
BRDA:26,0,0,2
BRDA:26,0,1,0
BRDA:38,1,0,3
BRDA:38,1,1,3
BRDA:45,2,0,1
BRDA:45,2,1,0
BRF:6
BRH:4
end_of_record
TN:
SF:src\pages\Register.js
FN:20,Register
FN:29,(anonymous_1)
FN:40,registerEvent
FN:45,(anonymous_3)
FN:49,(anonymous_4)
FN:79,(anonymous_5)
FNF:6
FNH:5
FNDA:25,Register
FNDA:19,(anonymous_1)
FNDA:2,registerEvent
FNDA:1,(anonymous_3)
FNDA:3,(anonymous_4)
FNDA:0,(anonymous_5)
DA:21,25
DA:22,25
DA:23,25
DA:24,25
DA:25,25
DA:27,25
DA:29,25
DA:30,19
DA:31,19
DA:32,12
DA:33,7
DA:34,3
DA:35,4
DA:36,4
DA:41,2
DA:42,2
DA:43,2
DA:44,2
DA:45,1
DA:49,25
DA:50,3
DA:54,3
DA:55,1
DA:56,1
DA:59,2
DA:62,25
DA:80,0
LF:27
LH:26
BRDA:31,0,0,12
BRDA:31,0,1,7
BRDA:33,1,0,3
BRDA:33,1,1,4
BRDA:35,2,0,4
BRDA:35,2,1,0
BRDA:44,3,0,1
BRDA:44,3,1,1
BRDA:54,4,0,1
BRDA:54,4,1,2
BRF:10
BRH:9
end_of_record
TN:
SF:src\resources\theme.js
FNF:0
FNH:0
DA:3,0
LF:1
LH:0
BRF:0
BRH:0
end_of_record
